Using pre-set license
Built from '2020.3/staging' branch; Version is '2020.3.4f1 (0abb6314276a) revision 703331'; Using compiler version '192528614'; Build Type 'Release'
OS: 'Windows 10 Pro; OS build 19042.985; Version 2009; 64bit' Language: 'en' Physical Memory: 8077 MB
BatchMode: 1, IsHumanControllingUs: 0, StartBugReporterOnCrash: 0, Is64bit: 1, IsPro: 0

 COMMAND LINE ARGUMENTS:
D:\Toma\Unity\2020.3.4f1\Editor\Unity.exe
-adb2
-batchMode
-noUpm
-name
AssetImportWorker0
-projectPath
D:/Toma/Informatika/Infa projekt Franko i Toma - Copy
-logFile
Logs/AssetImportWorker0.log
-srvPort
57549
Successfully changed project path to: D:/Toma/Informatika/Infa projekt Franko i Toma - Copy
D:/Toma/Informatika/Infa projekt Franko i Toma - Copy
Using Asset Import Pipeline V2.
Refreshing native plugins compatible for Editor in 74.88 ms, found 1 plugins.
Preloading 0 native plugins for Editor in 0.00 ms.
Initialize engine version: 2020.3.4f1 (0abb6314276a)
[Subsystems] Discovering subsystems at path D:/Toma/Unity/2020.3.4f1/Editor/Data/Resources/UnitySubsystems
[Subsystems] Discovering subsystems at path D:/Toma/Informatika/Infa projekt Franko i Toma - Copy/Assets
GfxDevice: creating device client; threaded=0
Direct3D:
    Version:  Direct3D 11.0 [level 11.1]
    Renderer: NVIDIA GeForce GTX 1050 (ID=0x1c8d)
    Vendor:   
    VRAM:     4019 MB
    Driver:   27.21.14.6589
Initialize mono
Mono path[0] = 'D:/Toma/Unity/2020.3.4f1/Editor/Data/Managed'
Mono path[1] = 'D:/Toma/Unity/2020.3.4f1/Editor/Data/MonoBleedingEdge/lib/mono/unityjit'
Mono config path = 'D:/Toma/Unity/2020.3.4f1/Editor/Data/MonoBleedingEdge/etc'
Using monoOptions --debugger-agent=transport=dt_socket,embedding=1,server=y,suspend=n,address=127.0.0.1:56580
Begin MonoManager ReloadAssembly
Registering precompiled unity dll's ...
Register platform support module: D:/Toma/Unity/2020.3.4f1/Editor/Data/PlaybackEngines/WindowsStandaloneSupport/UnityEditor.WindowsStandalone.Extensions.dll
Registered in 0.001468 seconds.
Native extension for WindowsStandalone target not found
Refreshing native plugins compatible for Editor in 224.78 ms, found 1 plugins.
Preloading 0 native plugins for Editor in 0.00 ms.
Mono: successfully reloaded assembly
- Completed reload, in  3.639 seconds
Platform modules already initialized, skipping
Registering precompiled user dll's ...
Registered in 0.001828 seconds.
Begin MonoManager ReloadAssembly
Native extension for WindowsStandalone target not found
Refreshing native plugins compatible for Editor in 111.47 ms, found 1 plugins.
Preloading 0 native plugins for Editor in 0.00 ms.
Mono: successfully reloaded assembly
- Completed reload, in  2.164 seconds
Platform modules already initialized, skipping
========================================================================
Worker process is ready to serve import requests
Launched and connected shader compiler UnityShaderCompiler.exe after 0.09 seconds
Refreshing native plugins compatible for Editor in 0.53 ms, found 1 plugins.
Preloading 0 native plugins for Editor in 0.00 ms.
Unloading 2009 Unused Serialized files (Serialized files now loaded: 0)
System memory in use before: 94.2 MB.
System memory in use after: 94.3 MB.

Unloading 20 unused Assets to reduce memory usage. Loaded Objects now: 2457.
Total: 3.602600 ms (FindLiveObjects: 0.260100 ms CreateObjectMapping: 0.585000 ms MarkObjects: 2.664100 ms  DeleteObjects: 0.091500 ms)

========================================================================
Received Import Request.
  path: Assets/okretanje.cs
  artifactKey: Guid(07a82d70428064344a3eb97f2a0859ea) Importer(815301076,1909f56bfc062723c751e8b465ee728b)
Start importing Assets/okretanje.cs using Guid(07a82d70428064344a3eb97f2a0859ea) Importer(815301076,1909f56bfc062723c751e8b465ee728b)  -> (artifact id: '64b894d1dffc56f6baca216c0e0704ad') in 0.070941 seconds
  Import took 0.075294 seconds .

========================================================================
Received Prepare
Registering precompiled user dll's ...
Registered in 0.001669 seconds.
Begin MonoManager ReloadAssembly
Native extension for WindowsStandalone target not found
Refreshing native plugins compatible for Editor in 0.56 ms, found 1 plugins.
Preloading 0 native plugins for Editor in 0.00 ms.
Mono: successfully reloaded assembly
- Completed reload, in  1.879 seconds
Platform modules already initialized, skipping
Refreshing native plugins compatible for Editor in 0.57 ms, found 1 plugins.
Preloading 0 native plugins for Editor in 0.00 ms.
Unloading 1982 Unused Serialized files (Serialized files now loaded: 0)
System memory in use before: 92.0 MB.
System memory in use after: 92.1 MB.

Unloading 8 unused Assets to reduce memory usage. Loaded Objects now: 2461.
Total: 4.710100 ms (FindLiveObjects: 0.484800 ms CreateObjectMapping: 0.115000 ms MarkObjects: 4.079600 ms  DeleteObjects: 0.026900 ms)

========================================================================
Received Import Request.
  Time since last request: 385.646062 seconds.
  path: Assets/Resources/Skliskost.physicsMaterial2D
  artifactKey: Guid(86a95e96556ba7d419eeccf1121a6360) Importer(815301076,1909f56bfc062723c751e8b465ee728b)
Start importing Assets/Resources/Skliskost.physicsMaterial2D using Guid(86a95e96556ba7d419eeccf1121a6360) Importer(815301076,1909f56bfc062723c751e8b465ee728b)  -> (artifact id: '3db05a157dbbe54e6f77d4095de8193c') in 0.052332 seconds
  Import took 0.060454 seconds .

========================================================================
Received Import Request.
  Time since last request: 0.000330 seconds.
  path: Assets/Resources/Strijela.prefab
  artifactKey: Guid(b44d8f34a6fffef468508983f7949700) Importer(815301076,1909f56bfc062723c751e8b465ee728b)
Start importing Assets/Resources/Strijela.prefab using Guid(b44d8f34a6fffef468508983f7949700) Importer(815301076,1909f56bfc062723c751e8b465ee728b)  -> (artifact id: '9ef1fcfaa4009206775202f736fd6cf5') in 0.188816 seconds
  Import took 0.192528 seconds .

========================================================================
Received Import Request.
  Time since last request: 268.858972 seconds.
  path: Assets/Resources
  artifactKey: Guid(5531f1dee7f94f14dab14d8b35ef9c64) Importer(815301076,1909f56bfc062723c751e8b465ee728b)
Start importing Assets/Resources using Guid(5531f1dee7f94f14dab14d8b35ef9c64) Importer(815301076,1909f56bfc062723c751e8b465ee728b)  -> (artifact id: '91ba3d8edf1c50005729fbccc65f9fc6') in 0.019731 seconds
  Import took 0.026886 seconds .

========================================================================
Received Import Request.
  Time since last request: 0.003261 seconds.
  path: Assets/Resources
  artifactKey: Guid(5531f1dee7f94f14dab14d8b35ef9c64) Importer(815301076,1909f56bfc062723c751e8b465ee728b)
Start importing Assets/Resources using Guid(5531f1dee7f94f14dab14d8b35ef9c64) Importer(815301076,1909f56bfc062723c751e8b465ee728b)  -> (artifact id: '91ba3d8edf1c50005729fbccc65f9fc6') in 0.004370 seconds
  Import took 0.009388 seconds .

========================================================================
Received Import Request.
  Time since last request: 1.303523 seconds.
  path: Assets/Resources/Skripte
  artifactKey: Guid(5b888911c3c65184f865b3e5421a24c5) Importer(815301076,1909f56bfc062723c751e8b465ee728b)
Start importing Assets/Resources/Skripte using Guid(5b888911c3c65184f865b3e5421a24c5) Importer(815301076,1909f56bfc062723c751e8b465ee728b)  -> (artifact id: '50162694c385c0dde842c4f936968a9a') in 0.016943 seconds
  Import took 0.024743 seconds .

========================================================================
Received Import Request.
  Time since last request: 0.016996 seconds.
  path: Assets/Resources/Skripte
  artifactKey: Guid(5b888911c3c65184f865b3e5421a24c5) Importer(815301076,1909f56bfc062723c751e8b465ee728b)
Start importing Assets/Resources/Skripte using Guid(5b888911c3c65184f865b3e5421a24c5) Importer(815301076,1909f56bfc062723c751e8b465ee728b)  -> (artifact id: '50162694c385c0dde842c4f936968a9a') in 0.057866 seconds
  Import took 0.066476 seconds .

========================================================================
Received Import Request.
  Time since last request: 2.359549 seconds.
  path: Assets/Resources/Skripte/MainMenu.cs
  artifactKey: Guid(078050607116ced44886b608c3490a34) Importer(815301076,1909f56bfc062723c751e8b465ee728b)
Start importing Assets/Resources/Skripte/MainMenu.cs using Guid(078050607116ced44886b608c3490a34) Importer(815301076,1909f56bfc062723c751e8b465ee728b)  -> (artifact id: '64b076500fe6e8d24ef774be0403bd05') in 0.018374 seconds
  Import took 0.024213 seconds .

========================================================================
Received Import Request.
  Time since last request: 103.373524 seconds.
  path: Assets/Streber_Combat.cs
  artifactKey: Guid(1402ffbc9075e3447b40d22fb34fc3e2) Importer(815301076,1909f56bfc062723c751e8b465ee728b)
Start importing Assets/Streber_Combat.cs using Guid(1402ffbc9075e3447b40d22fb34fc3e2) Importer(815301076,1909f56bfc062723c751e8b465ee728b)  -> (artifact id: 'f5a2cfc554bef798a4446b7084fed890') in 0.013927 seconds
  Import took 0.021342 seconds .

========================================================================
Received Prepare
Registering precompiled user dll's ...
Registered in 0.001774 seconds.
Begin MonoManager ReloadAssembly
Native extension for WindowsStandalone target not found
Refreshing native plugins compatible for Editor in 0.78 ms, found 1 plugins.
Preloading 0 native plugins for Editor in 0.00 ms.
Mono: successfully reloaded assembly
- Completed reload, in  1.805 seconds
Platform modules already initialized, skipping
Refreshing native plugins compatible for Editor in 0.77 ms, found 1 plugins.
Preloading 0 native plugins for Editor in 0.00 ms.
Unloading 1982 Unused Serialized files (Serialized files now loaded: 0)
System memory in use before: 95.0 MB.
System memory in use after: 95.1 MB.

Unloading 8 unused Assets to reduce memory usage. Loaded Objects now: 2472.
Total: 3.895600 ms (FindLiveObjects: 0.346400 ms CreateObjectMapping: 0.181300 ms MarkObjects: 3.334600 ms  DeleteObjects: 0.031300 ms)

========================================================================
Received Import Request.
  Time since last request: 35.762320 seconds.
  path: Assets/Enemy.cs
  artifactKey: Guid(7d4703cb6d690ed418dc9d8a3b0b799f) Importer(815301076,1909f56bfc062723c751e8b465ee728b)
Start importing Assets/Enemy.cs using Guid(7d4703cb6d690ed418dc9d8a3b0b799f) Importer(815301076,1909f56bfc062723c751e8b465ee728b)  -> (artifact id: 'e5699a89c618542d7c7caac45b443be3') in 0.018294 seconds
  Import took 0.024108 seconds .

========================================================================
Received Import Request.
  Time since last request: 113.024630 seconds.
  path: Assets/Resources/Skripte/CameraFollow.cs
  artifactKey: Guid(29d670a6dfd903747ab2b50072e41aac) Importer(815301076,1909f56bfc062723c751e8b465ee728b)
Start importing Assets/Resources/Skripte/CameraFollow.cs using Guid(29d670a6dfd903747ab2b50072e41aac) Importer(815301076,1909f56bfc062723c751e8b465ee728b)  -> (artifact id: '7643fcbe3980d0b10fe9952c2e998c5b') in 0.018256 seconds
  Import took 0.025092 seconds .

========================================================================
Received Import Request.
  Time since last request: 0.005297 seconds.
  path: Assets/Resources/Skripte/CameraFollow.cs
  artifactKey: Guid(29d670a6dfd903747ab2b50072e41aac) Importer(815301076,1909f56bfc062723c751e8b465ee728b)
Start importing Assets/Resources/Skripte/CameraFollow.cs using Guid(29d670a6dfd903747ab2b50072e41aac) Importer(815301076,1909f56bfc062723c751e8b465ee728b)  -> (artifact id: '7643fcbe3980d0b10fe9952c2e998c5b') in 0.012584 seconds
  Import took 0.017209 seconds .

========================================================================
Received Import Request.
  Time since last request: 151.493848 seconds.
  path: Assets/Resources/Skripte/CharacterController2D.cs
  artifactKey: Guid(915ca32b18be9c6488d1e062848d83aa) Importer(815301076,1909f56bfc062723c751e8b465ee728b)
Start importing Assets/Resources/Skripte/CharacterController2D.cs using Guid(915ca32b18be9c6488d1e062848d83aa) Importer(815301076,1909f56bfc062723c751e8b465ee728b)  -> (artifact id: 'd00fb51a94dce7d2fa0f83573af7dce9') in 0.011232 seconds
  Import took 0.017355 seconds .

========================================================================
Received Import Request.
  Time since last request: 19.565234 seconds.
  path: Assets/Resources/Skripte/HealthBar_Script.cs
  artifactKey: Guid(eda5869fe4c265b489d418e98f05615a) Importer(815301076,1909f56bfc062723c751e8b465ee728b)
Start importing Assets/Resources/Skripte/HealthBar_Script.cs using Guid(eda5869fe4c265b489d418e98f05615a) Importer(815301076,1909f56bfc062723c751e8b465ee728b)  -> (artifact id: '3b959b585fa9519acec5a7fea1374008') in 0.015171 seconds
  Import took 0.021162 seconds .

========================================================================
Received Import Request.
  Time since last request: 0.087413 seconds.
  path: Assets/Resources/Skripte/HealthBar_Script.cs
  artifactKey: Guid(eda5869fe4c265b489d418e98f05615a) Importer(815301076,1909f56bfc062723c751e8b465ee728b)
Start importing Assets/Resources/Skripte/HealthBar_Script.cs using Guid(eda5869fe4c265b489d418e98f05615a) Importer(815301076,1909f56bfc062723c751e8b465ee728b)  -> (artifact id: '3b959b585fa9519acec5a7fea1374008') in 0.018900 seconds
  Import took 0.028212 seconds .

========================================================================
Received Import Request.
  Time since last request: 271.290662 seconds.
  path: Assets/Resources/Skripte/PicarosKretanje.cs
  artifactKey: Guid(7c9486d3ee8a3794ea6fb6a6342b1485) Importer(815301076,1909f56bfc062723c751e8b465ee728b)
Start importing Assets/Resources/Skripte/PicarosKretanje.cs using Guid(7c9486d3ee8a3794ea6fb6a6342b1485) Importer(815301076,1909f56bfc062723c751e8b465ee728b)  -> (artifact id: '358a4bba0474925302841436fc657571') in 0.012661 seconds
  Import took 0.017553 seconds .

========================================================================
Received Import Request.
  Time since last request: 127.693855 seconds.
  path: Assets/Resources/Skripte/Let.cs
  artifactKey: Guid(23816bc278abc294688cbe73ec172b9e) Importer(815301076,1909f56bfc062723c751e8b465ee728b)
Start importing Assets/Resources/Skripte/Let.cs using Guid(23816bc278abc294688cbe73ec172b9e) Importer(815301076,1909f56bfc062723c751e8b465ee728b)  -> (artifact id: 'e4273209d8bff2a17993ad830af571ae') in 0.021891 seconds
  Import took 0.030001 seconds .

========================================================================
Received Prepare
Registering precompiled user dll's ...
Registered in 0.001768 seconds.
Begin MonoManager ReloadAssembly
Native extension for WindowsStandalone target not found
Refreshing native plugins compatible for Editor in 0.58 ms, found 1 plugins.
Preloading 0 native plugins for Editor in 0.00 ms.
Mono: successfully reloaded assembly
- Completed reload, in  1.667 seconds
Platform modules already initialized, skipping
Refreshing native plugins compatible for Editor in 0.55 ms, found 1 plugins.
Preloading 0 native plugins for Editor in 0.00 ms.
Unloading 1982 Unused Serialized files (Serialized files now loaded: 0)
System memory in use before: 95.0 MB.
System memory in use after: 95.1 MB.

Unloading 8 unused Assets to reduce memory usage. Loaded Objects now: 2476.
Total: 3.213800 ms (FindLiveObjects: 0.187400 ms CreateObjectMapping: 0.081000 ms MarkObjects: 2.896300 ms  DeleteObjects: 0.047400 ms)

========================================================================
Received Import Request.
  Time since last request: 214.306227 seconds.
  path: Assets/Resources/Skripte/Luk_I_Strijela.cs
  artifactKey: Guid(3cbd122346e730c49b73428d65da7a93) Importer(815301076,1909f56bfc062723c751e8b465ee728b)
Start importing Assets/Resources/Skripte/Luk_I_Strijela.cs using Guid(3cbd122346e730c49b73428d65da7a93) Importer(815301076,1909f56bfc062723c751e8b465ee728b)  -> (artifact id: '1eee829437216d9b0bf60b0a4fd6fb1e') in 0.016335 seconds
  Import took 0.021302 seconds .

========================================================================
Received Import Request.
  Time since last request: 0.000395 seconds.
  path: Assets/Resources/Skripte/Let.cs
  artifactKey: Guid(23816bc278abc294688cbe73ec172b9e) Importer(815301076,1909f56bfc062723c751e8b465ee728b)
Start importing Assets/Resources/Skripte/Let.cs using Guid(23816bc278abc294688cbe73ec172b9e) Importer(815301076,1909f56bfc062723c751e8b465ee728b)  -> (artifact id: '75964c16201012d943bfe99e8d787a00') in 0.003451 seconds
  Import took 0.008089 seconds .

========================================================================
Received Prepare
Registering precompiled user dll's ...
Registered in 0.001672 seconds.
Begin MonoManager ReloadAssembly
Native extension for WindowsStandalone target not found
Refreshing native plugins compatible for Editor in 0.46 ms, found 1 plugins.
Preloading 0 native plugins for Editor in 0.00 ms.
Mono: successfully reloaded assembly
- Completed reload, in  1.708 seconds
Platform modules already initialized, skipping
Refreshing native plugins compatible for Editor in 0.60 ms, found 1 plugins.
Preloading 0 native plugins for Editor in 0.00 ms.
Unloading 1982 Unused Serialized files (Serialized files now loaded: 0)
System memory in use before: 95.0 MB.
System memory in use after: 95.2 MB.

Unloading 8 unused Assets to reduce memory usage. Loaded Objects now: 2480.
Total: 4.256000 ms (FindLiveObjects: 0.362800 ms CreateObjectMapping: 0.192400 ms MarkObjects: 3.662500 ms  DeleteObjects: 0.035500 ms)

========================================================================
Received Import Request.
  Time since last request: 201.984126 seconds.
  path: Assets/Resources/Skripte/Luk_I_Strijela.cs
  artifactKey: Guid(3cbd122346e730c49b73428d65da7a93) Importer(815301076,1909f56bfc062723c751e8b465ee728b)
Start importing Assets/Resources/Skripte/Luk_I_Strijela.cs using Guid(3cbd122346e730c49b73428d65da7a93) Importer(815301076,1909f56bfc062723c751e8b465ee728b)  -> (artifact id: '60c67275fc4e831f372f281acf85c017') in 0.010745 seconds
  Import took 0.018325 seconds .

========================================================================
Received Import Request.
  Time since last request: 5.875878 seconds.
  path: Assets/Resources/Skripte/Opcije_Skripta.cs
  artifactKey: Guid(77f049d12ab10e842b670cc5b1a75e7e) Importer(815301076,1909f56bfc062723c751e8b465ee728b)
Start importing Assets/Resources/Skripte/Opcije_Skripta.cs using Guid(77f049d12ab10e842b670cc5b1a75e7e) Importer(815301076,1909f56bfc062723c751e8b465ee728b)  -> (artifact id: 'e44deadb114e67d81c3cbdec28400a33') in 0.017341 seconds
  Import took 0.025097 seconds .

========================================================================
Received Import Request.
  Time since last request: 31.512724 seconds.
  path: Assets/Resources/Skripte/Player_Combat.cs
  artifactKey: Guid(9c6dd519f3c944e4dae916c65327c064) Importer(815301076,1909f56bfc062723c751e8b465ee728b)
Start importing Assets/Resources/Skripte/Player_Combat.cs using Guid(9c6dd519f3c944e4dae916c65327c064) Importer(815301076,1909f56bfc062723c751e8b465ee728b)  -> (artifact id: 'b91192ec2f9245cdd4a2c2084fa6c4b7') in 0.018419 seconds
  Import took 0.024392 seconds .

========================================================================
Received Import Request.
  Time since last request: 56.431918 seconds.
  path: Assets/Resources/Skripte/Streber_Kretanje.cs
  artifactKey: Guid(abcba7206d236b643890b8c25e2dbfd4) Importer(815301076,1909f56bfc062723c751e8b465ee728b)
Start importing Assets/Resources/Skripte/Streber_Kretanje.cs using Guid(abcba7206d236b643890b8c25e2dbfd4) Importer(815301076,1909f56bfc062723c751e8b465ee728b)  -> (artifact id: 'c2ceb71c2e3e9e9c3f56577e7823d4ed') in 0.024536 seconds
  Import took 0.030487 seconds .

========================================================================
Received Import Request.
  Time since last request: 16.493275 seconds.
  path: Assets/Resources/Skripte/PicarosKretanje.cs
  artifactKey: Guid(7c9486d3ee8a3794ea6fb6a6342b1485) Importer(815301076,1909f56bfc062723c751e8b465ee728b)
Start importing Assets/Resources/Skripte/PicarosKretanje.cs using Guid(7c9486d3ee8a3794ea6fb6a6342b1485) Importer(815301076,1909f56bfc062723c751e8b465ee728b)  -> (artifact id: 'c5c7c113c01f3f438321cabdac96e74f') in 0.009463 seconds
  Import took 0.016785 seconds .

========================================================================
Received Prepare
Registering precompiled user dll's ...
Registered in 0.001791 seconds.
Begin MonoManager ReloadAssembly
Native extension for WindowsStandalone target not found
Refreshing native plugins compatible for Editor in 0.82 ms, found 1 plugins.
Preloading 0 native plugins for Editor in 0.00 ms.
Mono: successfully reloaded assembly
- Completed reload, in  1.857 seconds
Platform modules already initialized, skipping
Refreshing native plugins compatible for Editor in 0.63 ms, found 1 plugins.
Preloading 0 native plugins for Editor in 0.00 ms.
Unloading 1982 Unused Serialized files (Serialized files now loaded: 0)
System memory in use before: 95.1 MB.
System memory in use after: 95.2 MB.

Unloading 8 unused Assets to reduce memory usage. Loaded Objects now: 2484.
Total: 5.619200 ms (FindLiveObjects: 0.604000 ms CreateObjectMapping: 0.704600 ms MarkObjects: 4.276500 ms  DeleteObjects: 0.031400 ms)

========================================================================
Received Import Request.
  Time since last request: 618.020821 seconds.
  path: Assets/Resources/Skripte/PicarosKretanje.cs
  artifactKey: Guid(7c9486d3ee8a3794ea6fb6a6342b1485) Importer(815301076,1909f56bfc062723c751e8b465ee728b)
Start importing Assets/Resources/Skripte/PicarosKretanje.cs using Guid(7c9486d3ee8a3794ea6fb6a6342b1485) Importer(815301076,1909f56bfc062723c751e8b465ee728b)  -> (artifact id: 'f708db003f9459b39a6dbec5602204b9') in 0.009579 seconds
  Import took 0.018229 seconds .

========================================================================
Received Prepare
Registering precompiled user dll's ...
Registered in 0.001745 seconds.
Begin MonoManager ReloadAssembly
Native extension for WindowsStandalone target not found
Refreshing native plugins compatible for Editor in 0.76 ms, found 1 plugins.
Preloading 0 native plugins for Editor in 0.00 ms.
Mono: successfully reloaded assembly
- Completed reload, in  1.571 seconds
Platform modules already initialized, skipping
Refreshing native plugins compatible for Editor in 0.52 ms, found 1 plugins.
Preloading 0 native plugins for Editor in 0.00 ms.
Unloading 1982 Unused Serialized files (Serialized files now loaded: 0)
System memory in use before: 95.1 MB.
System memory in use after: 95.2 MB.

Unloading 8 unused Assets to reduce memory usage. Loaded Objects now: 2488.
Total: 3.210800 ms (FindLiveObjects: 0.375800 ms CreateObjectMapping: 0.082300 ms MarkObjects: 2.732100 ms  DeleteObjects: 0.019200 ms)

========================================================================
Received Import Request.
  Time since last request: 205.842712 seconds.
  path: Assets/Resources/Skripte/PicarosKretanje.cs
  artifactKey: Guid(7c9486d3ee8a3794ea6fb6a6342b1485) Importer(815301076,1909f56bfc062723c751e8b465ee728b)
Start importing Assets/Resources/Skripte/PicarosKretanje.cs using Guid(7c9486d3ee8a3794ea6fb6a6342b1485) Importer(815301076,1909f56bfc062723c751e8b465ee728b)  -> (artifact id: 'caacb93d53092f2a232c4d70add7b925') in 0.006076 seconds
  Import took 0.009897 seconds .

========================================================================
Received Import Request.
  Time since last request: 2.111476 seconds.
  path: Assets/Resources/Skripte/PicarosKretanje.cs
  artifactKey: Guid(7c9486d3ee8a3794ea6fb6a6342b1485) Importer(815301076,1909f56bfc062723c751e8b465ee728b)
Start importing Assets/Resources/Skripte/PicarosKretanje.cs using Guid(7c9486d3ee8a3794ea6fb6a6342b1485) Importer(815301076,1909f56bfc062723c751e8b465ee728b)  -> (artifact id: 'caacb93d53092f2a232c4d70add7b925') in 0.007888 seconds
  Import took 0.011691 seconds .

========================================================================
Received Prepare
Registering precompiled user dll's ...
Registered in 0.002601 seconds.
Begin MonoManager ReloadAssembly
Native extension for WindowsStandalone target not found
Refreshing native plugins compatible for Editor in 0.61 ms, found 1 plugins.
Preloading 0 native plugins for Editor in 0.00 ms.
Mono: successfully reloaded assembly
- Completed reload, in  1.769 seconds
Platform modules already initialized, skipping
Refreshing native plugins compatible for Editor in 0.73 ms, found 1 plugins.
Preloading 0 native plugins for Editor in 0.00 ms.
Unloading 1982 Unused Serialized files (Serialized files now loaded: 0)
System memory in use before: 95.1 MB.
System memory in use after: 95.2 MB.

Unloading 8 unused Assets to reduce memory usage. Loaded Objects now: 2492.
Total: 4.188100 ms (FindLiveObjects: 0.908100 ms CreateObjectMapping: 0.172000 ms MarkObjects: 3.077500 ms  DeleteObjects: 0.028100 ms)

========================================================================
Received Prepare
Registering precompiled user dll's ...
Registered in 0.001821 seconds.
Begin MonoManager ReloadAssembly
Native extension for WindowsStandalone target not found
Refreshing native plugins compatible for Editor in 0.77 ms, found 1 plugins.
Preloading 0 native plugins for Editor in 0.00 ms.
Mono: successfully reloaded assembly
- Completed reload, in  1.754 seconds
Platform modules already initialized, skipping
Refreshing native plugins compatible for Editor in 1.11 ms, found 1 plugins.
Preloading 0 native plugins for Editor in 0.00 ms.
Unloading 1982 Unused Serialized files (Serialized files now loaded: 0)
System memory in use before: 95.1 MB.
System memory in use after: 95.2 MB.

Unloading 8 unused Assets to reduce memory usage. Loaded Objects now: 2496.
Total: 5.063800 ms (FindLiveObjects: 0.415200 ms CreateObjectMapping: 0.172300 ms MarkObjects: 4.438700 ms  DeleteObjects: 0.034700 ms)

========================================================================
Received Import Request.
  Time since last request: 399.184795 seconds.
  path: Assets/Resources/Skripte/Stvori.cs
  artifactKey: Guid(59c07572397317e42956c457d6413f4f) Importer(815301076,1909f56bfc062723c751e8b465ee728b)
Start importing Assets/Resources/Skripte/Stvori.cs using Guid(59c07572397317e42956c457d6413f4f) Importer(815301076,1909f56bfc062723c751e8b465ee728b)  -> (artifact id: '77f84ae6042bc78e9415d380a922f805') in 0.017915 seconds
  Import took 0.024516 seconds .

========================================================================
Received Prepare
Registering precompiled user dll's ...
Registered in 0.002457 seconds.
Begin MonoManager ReloadAssembly
Native extension for WindowsStandalone target not found
Refreshing native plugins compatible for Editor in 0.76 ms, found 1 plugins.
Preloading 0 native plugins for Editor in 0.00 ms.
Mono: successfully reloaded assembly
- Completed reload, in  1.854 seconds
Platform modules already initialized, skipping
Refreshing native plugins compatible for Editor in 0.62 ms, found 1 plugins.
Preloading 0 native plugins for Editor in 0.00 ms.
Unloading 1982 Unused Serialized files (Serialized files now loaded: 0)
System memory in use before: 95.1 MB.
System memory in use after: 95.2 MB.

Unloading 8 unused Assets to reduce memory usage. Loaded Objects now: 2500.
Total: 3.668300 ms (FindLiveObjects: 0.289800 ms CreateObjectMapping: 0.122000 ms MarkObjects: 3.229400 ms  DeleteObjects: 0.025100 ms)

========================================================================
Received Import Request.
  Time since last request: 91.248456 seconds.
  path: Assets/Resources/Skripte/Stvori.cs
  artifactKey: Guid(59c07572397317e42956c457d6413f4f) Importer(815301076,1909f56bfc062723c751e8b465ee728b)
Start importing Assets/Resources/Skripte/Stvori.cs using Guid(59c07572397317e42956c457d6413f4f) Importer(815301076,1909f56bfc062723c751e8b465ee728b)  -> (artifact id: 'd75d54f9128f95fa589c2616f7ba19bf') in 0.010834 seconds
  Import took 0.017512 seconds .

========================================================================
Received Import Request.
  Time since last request: 1.944730 seconds.
  path: Assets/Resources/Zvukovi
  artifactKey: Guid(fc6ad632ff4d3a049bc9a1f06ee67ac7) Importer(815301076,1909f56bfc062723c751e8b465ee728b)
Start importing Assets/Resources/Zvukovi using Guid(fc6ad632ff4d3a049bc9a1f06ee67ac7) Importer(815301076,1909f56bfc062723c751e8b465ee728b)  -> (artifact id: 'e3cf9323821e37e39475e51822c0efac') in 0.018937 seconds
  Import took 0.027998 seconds .

========================================================================
Received Import Request.
  Time since last request: 0.032917 seconds.
  path: Assets/Resources/Zvukovi/MainMenuSong.wav
  artifactKey: Guid(74196f8e89782b3478413317ca5a1da6) Importer(815301076,1909f56bfc062723c751e8b465ee728b)
Start importing Assets/Resources/Zvukovi/MainMenuSong.wav using Guid(74196f8e89782b3478413317ca5a1da6) Importer(815301076,1909f56bfc062723c751e8b465ee728b)  -> (artifact id: 'af10ca9bcde15c789c90f07b41780cd7') in 0.243937 seconds
  Import took 0.257693 seconds .

========================================================================
Received Import Request.
  Time since last request: 0.000458 seconds.
  path: Assets/Resources/Zvukovi/Master_Mixer.mixer
  artifactKey: Guid(aafcc2c7f21466341bf68c4de8b37858) Importer(815301076,1909f56bfc062723c751e8b465ee728b)
Start importing Assets/Resources/Zvukovi/Master_Mixer.mixer using Guid(aafcc2c7f21466341bf68c4de8b37858) Importer(815301076,1909f56bfc062723c751e8b465ee728b)  -> (artifact id: 'de5e4f385cfe3e4e0a47f6548eeee6b9') in 0.050779 seconds
  Import took 0.056620 seconds .

========================================================================
Received Import Request.
  Time since last request: 19.027767 seconds.
  path: Assets/Scenes/Main Menu.unity
  artifactKey: Guid(adcdc51bf8b22414189d7b17f1954796) Importer(815301076,1909f56bfc062723c751e8b465ee728b)
Start importing Assets/Scenes/Main Menu.unity using Guid(adcdc51bf8b22414189d7b17f1954796) Importer(815301076,1909f56bfc062723c751e8b465ee728b)  -> (artifact id: '19361da37421d7e01bbc5a6845e711e2') in 0.057920 seconds
  Import took 0.062401 seconds .

========================================================================
Received Import Request.
  Time since last request: 13.805051 seconds.
  path: Assets/Scenes/Character_Selection.unity
  artifactKey: Guid(529dea8116577d64f98008cd9d7dd0c0) Importer(815301076,1909f56bfc062723c751e8b465ee728b)
Start importing Assets/Scenes/Character_Selection.unity using Guid(529dea8116577d64f98008cd9d7dd0c0) Importer(815301076,1909f56bfc062723c751e8b465ee728b)  -> (artifact id: 'e976b297be0b8f2e6a917c6a4270394e') in 0.055496 seconds
  Import took 0.061819 seconds .

========================================================================
Received Import Request.
  Time since last request: 4.758370 seconds.
  path: Assets/Scenes/Igrica.unity
  artifactKey: Guid(2cda990e2423bbf4892e6590ba056729) Importer(815301076,1909f56bfc062723c751e8b465ee728b)
Start importing Assets/Scenes/Igrica.unity using Guid(2cda990e2423bbf4892e6590ba056729) Importer(815301076,1909f56bfc062723c751e8b465ee728b)  -> (artifact id: '6fe630bc22909daf30d7c63bb7713d15') in 0.019130 seconds
  Import took 0.025649 seconds .

========================================================================
Received Import Request.
  Time since last request: 32.851645 seconds.
  path: Assets/Resources/Skripte/Streber_Kretanje.cs
  artifactKey: Guid(abcba7206d236b643890b8c25e2dbfd4) Importer(815301076,1909f56bfc062723c751e8b465ee728b)
Start importing Assets/Resources/Skripte/Streber_Kretanje.cs using Guid(abcba7206d236b643890b8c25e2dbfd4) Importer(815301076,1909f56bfc062723c751e8b465ee728b)  -> (artifact id: '715becc41b97f68f972e863c8989ec6c') in 0.020887 seconds
  Import took 0.028371 seconds .

========================================================================
Received Prepare
Registering precompiled user dll's ...
Registered in 0.001586 seconds.
Begin MonoManager ReloadAssembly
Native extension for WindowsStandalone target not found
Refreshing native plugins compatible for Editor in 0.82 ms, found 1 plugins.
Preloading 0 native plugins for Editor in 0.00 ms.
Mono: successfully reloaded assembly
- Completed reload, in  1.704 seconds
Platform modules already initialized, skipping
Refreshing native plugins compatible for Editor in 0.76 ms, found 1 plugins.
Preloading 0 native plugins for Editor in 0.00 ms.
Unloading 1982 Unused Serialized files (Serialized files now loaded: 0)
System memory in use before: 95.2 MB.
System memory in use after: 95.3 MB.

Unloading 8 unused Assets to reduce memory usage. Loaded Objects now: 2507.
Total: 2.559900 ms (FindLiveObjects: 0.200400 ms CreateObjectMapping: 0.081500 ms MarkObjects: 2.244800 ms  DeleteObjects: 0.031900 ms)

========================================================================
Received Import Request.
  Time since last request: 51.009080 seconds.
  path: Assets/Resources/Skripte/Streber_Kretanje.cs
  artifactKey: Guid(abcba7206d236b643890b8c25e2dbfd4) Importer(815301076,1909f56bfc062723c751e8b465ee728b)
Start importing Assets/Resources/Skripte/Streber_Kretanje.cs using Guid(abcba7206d236b643890b8c25e2dbfd4) Importer(815301076,1909f56bfc062723c751e8b465ee728b)  -> (artifact id: '0cee3593301a4c5f98d847fcbbb5c5df') in 0.016814 seconds
  Import took 0.024268 seconds .

========================================================================
Received Prepare
Registering precompiled user dll's ...
Registered in 0.003379 seconds.
Begin MonoManager ReloadAssembly
Native extension for WindowsStandalone target not found
Refreshing native plugins compatible for Editor in 0.87 ms, found 1 plugins.
Preloading 0 native plugins for Editor in 0.00 ms.
Mono: successfully reloaded assembly
- Completed reload, in  1.759 seconds
Platform modules already initialized, skipping
Refreshing native plugins compatible for Editor in 0.81 ms, found 1 plugins.
Preloading 0 native plugins for Editor in 0.00 ms.
Unloading 1982 Unused Serialized files (Serialized files now loaded: 0)
System memory in use before: 95.2 MB.
System memory in use after: 95.3 MB.

Unloading 8 unused Assets to reduce memory usage. Loaded Objects now: 2511.
Total: 7.225700 ms (FindLiveObjects: 0.368900 ms CreateObjectMapping: 0.165700 ms MarkObjects: 6.662800 ms  DeleteObjects: 0.025900 ms)

========================================================================
Received Prepare
Registering precompiled user dll's ...
Registered in 0.003240 seconds.
Begin MonoManager ReloadAssembly
Native extension for WindowsStandalone target not found
Refreshing native plugins compatible for Editor in 0.87 ms, found 1 plugins.
Preloading 0 native plugins for Editor in 0.00 ms.
Mono: successfully reloaded assembly
- Completed reload, in  1.917 seconds
Platform modules already initialized, skipping
Refreshing native plugins compatible for Editor in 0.55 ms, found 1 plugins.
Preloading 0 native plugins for Editor in 0.00 ms.
Unloading 1982 Unused Serialized files (Serialized files now loaded: 0)
System memory in use before: 95.2 MB.
System memory in use after: 95.3 MB.

Unloading 8 unused Assets to reduce memory usage. Loaded Objects now: 2515.
Total: 2.971900 ms (FindLiveObjects: 0.603400 ms CreateObjectMapping: 0.150100 ms MarkObjects: 2.198100 ms  DeleteObjects: 0.019000 ms)

========================================================================
Received Prepare
Registering precompiled user dll's ...
Registered in 0.001584 seconds.
Begin MonoManager ReloadAssembly
Native extension for WindowsStandalone target not found
Refreshing native plugins compatible for Editor in 0.77 ms, found 1 plugins.
Preloading 0 native plugins for Editor in 0.00 ms.
Mono: successfully reloaded assembly
- Completed reload, in  1.792 seconds
Platform modules already initialized, skipping
Refreshing native plugins compatible for Editor in 0.48 ms, found 1 plugins.
Preloading 0 native plugins for Editor in 0.00 ms.
Unloading 1982 Unused Serialized files (Serialized files now loaded: 0)
System memory in use before: 95.2 MB.
System memory in use after: 95.3 MB.

Unloading 8 unused Assets to reduce memory usage. Loaded Objects now: 2519.
Total: 3.260500 ms (FindLiveObjects: 0.346600 ms CreateObjectMapping: 0.114700 ms MarkObjects: 2.766500 ms  DeleteObjects: 0.031400 ms)

========================================================================
Received Prepare
Registering precompiled user dll's ...
Registered in 0.002029 seconds.
Begin MonoManager ReloadAssembly
Native extension for WindowsStandalone target not found
Refreshing native plugins compatible for Editor in 0.91 ms, found 1 plugins.
Preloading 0 native plugins for Editor in 0.00 ms.
Mono: successfully reloaded assembly
- Completed reload, in  1.940 seconds
Platform modules already initialized, skipping
Refreshing native plugins compatible for Editor in 0.80 ms, found 1 plugins.
Preloading 0 native plugins for Editor in 0.00 ms.
Unloading 1982 Unused Serialized files (Serialized files now loaded: 0)
System memory in use before: 95.2 MB.
System memory in use after: 95.3 MB.

Unloading 8 unused Assets to reduce memory usage. Loaded Objects now: 2523.
Total: 3.990400 ms (FindLiveObjects: 0.392600 ms CreateObjectMapping: 0.208000 ms MarkObjects: 3.356000 ms  DeleteObjects: 0.031400 ms)

AssetImportWorkerClient::OnTransportError - code=2 error=End of file
