Using pre-set license
Built from '2020.3/staging' branch; Version is '2020.3.4f1 (0abb6314276a) revision 703331'; Using compiler version '192528614'; Build Type 'Release'
OS: 'Windows 10 Pro; OS build 19042.985; Version 2009; 64bit' Language: 'en' Physical Memory: 8077 MB
BatchMode: 1, IsHumanControllingUs: 0, StartBugReporterOnCrash: 0, Is64bit: 1, IsPro: 0

 COMMAND LINE ARGUMENTS:
D:\Toma\Unity\2020.3.4f1\Editor\Unity.exe
-adb2
-batchMode
-noUpm
-name
AssetImportWorker0
-projectPath
D:/Toma/Informatika/Infa projekt Franko i Toma
-logFile
Logs/AssetImportWorker0.log
-srvPort
52139
Successfully changed project path to: D:/Toma/Informatika/Infa projekt Franko i Toma
D:/Toma/Informatika/Infa projekt Franko i Toma
Using Asset Import Pipeline V2.
Refreshing native plugins compatible for Editor in 52.28 ms, found 1 plugins.
Preloading 0 native plugins for Editor in 0.00 ms.
Initialize engine version: 2020.3.4f1 (0abb6314276a)
[Subsystems] Discovering subsystems at path D:/Toma/Unity/2020.3.4f1/Editor/Data/Resources/UnitySubsystems
[Subsystems] Discovering subsystems at path D:/Toma/Informatika/Infa projekt Franko i Toma/Assets
GfxDevice: creating device client; threaded=0
Direct3D:
    Version:  Direct3D 11.0 [level 11.1]
    Renderer: NVIDIA GeForce GTX 1050 (ID=0x1c8d)
    Vendor:   
    VRAM:     4019 MB
    Driver:   27.21.14.6589
Initialize mono
Mono path[0] = 'D:/Toma/Unity/2020.3.4f1/Editor/Data/Managed'
Mono path[1] = 'D:/Toma/Unity/2020.3.4f1/Editor/Data/MonoBleedingEdge/lib/mono/unityjit'
Mono config path = 'D:/Toma/Unity/2020.3.4f1/Editor/Data/MonoBleedingEdge/etc'
Using monoOptions --debugger-agent=transport=dt_socket,embedding=1,server=y,suspend=n,address=127.0.0.1:56012
Begin MonoManager ReloadAssembly
Registering precompiled unity dll's ...
Register platform support module: D:/Toma/Unity/2020.3.4f1/Editor/Data/PlaybackEngines/WindowsStandaloneSupport/UnityEditor.WindowsStandalone.Extensions.dll
Registered in 0.001436 seconds.
Native extension for WindowsStandalone target not found
Refreshing native plugins compatible for Editor in 53.81 ms, found 1 plugins.
Preloading 0 native plugins for Editor in 0.00 ms.
Mono: successfully reloaded assembly
- Completed reload, in  1.546 seconds
Platform modules already initialized, skipping
Registering precompiled user dll's ...
Registered in 0.001651 seconds.
Begin MonoManager ReloadAssembly
Native extension for WindowsStandalone target not found
Refreshing native plugins compatible for Editor in 51.52 ms, found 1 plugins.
Preloading 0 native plugins for Editor in 0.00 ms.
Mono: successfully reloaded assembly
- Completed reload, in  1.188 seconds
Platform modules already initialized, skipping
========================================================================
Worker process is ready to serve import requests
Launched and connected shader compiler UnityShaderCompiler.exe after 0.08 seconds
Refreshing native plugins compatible for Editor in 0.50 ms, found 1 plugins.
Preloading 0 native plugins for Editor in 0.00 ms.
Unloading 2009 Unused Serialized files (Serialized files now loaded: 0)
System memory in use before: 94.2 MB.
System memory in use after: 94.3 MB.

Unloading 20 unused Assets to reduce memory usage. Loaded Objects now: 2457.
Total: 2.791600 ms (FindLiveObjects: 0.279800 ms CreateObjectMapping: 0.274700 ms MarkObjects: 2.103000 ms  DeleteObjects: 0.132400 ms)

========================================================================
Received Import Request.
  path: Assets/Sunnyland/artwork/Sprites/Enemies
  artifactKey: Guid(c7f1351336fe548caa5323a57a6c930a) Importer(815301076,1909f56bfc062723c751e8b465ee728b)
Start importing Assets/Sunnyland/artwork/Sprites/Enemies using Guid(c7f1351336fe548caa5323a57a6c930a) Importer(815301076,1909f56bfc062723c751e8b465ee728b)  -> (artifact id: '8807ba3b7416b3f6fb0ebf38f3e39fc6') in 0.010064 seconds
  Import took 0.014132 seconds .

========================================================================
Received Import Request.
  Time since last request: 0.000350 seconds.
  path: Assets/Sunnyland
  artifactKey: Guid(1fb44d1eb9f8bab46822c583798a0191) Importer(815301076,1909f56bfc062723c751e8b465ee728b)
Start importing Assets/Sunnyland using Guid(1fb44d1eb9f8bab46822c583798a0191) Importer(815301076,1909f56bfc062723c751e8b465ee728b)  -> (artifact id: '467c26dcbd158792cfea1e45ad615519') in 0.010559 seconds
  Import took 0.014811 seconds .

========================================================================
Received Import Request.
  Time since last request: 0.000300 seconds.
  path: Assets/Sunnyland/artwork
  artifactKey: Guid(2f17d1e6a207e4d8eb72bd03b1b645ac) Importer(815301076,1909f56bfc062723c751e8b465ee728b)
Start importing Assets/Sunnyland/artwork using Guid(2f17d1e6a207e4d8eb72bd03b1b645ac) Importer(815301076,1909f56bfc062723c751e8b465ee728b)  -> (artifact id: '29476d1aaad30edb6fb88eb5980d57ff') in 0.011142 seconds
  Import took 0.015610 seconds .

========================================================================
Received Import Request.
  Time since last request: 0.000332 seconds.
  path: Assets/Sunnyland/artwork/Sprites
  artifactKey: Guid(b6238935cfd4648cf866141c0ee28c85) Importer(815301076,1909f56bfc062723c751e8b465ee728b)
Start importing Assets/Sunnyland/artwork/Sprites using Guid(b6238935cfd4648cf866141c0ee28c85) Importer(815301076,1909f56bfc062723c751e8b465ee728b)  -> (artifact id: 'e7223cd8b146fd779a4fadd5a77b6500') in 0.010060 seconds
  Import took 0.016214 seconds .

========================================================================
Received Prepare
Registering precompiled user dll's ...
Registered in 0.001630 seconds.
Begin MonoManager ReloadAssembly
Native extension for WindowsStandalone target not found
Refreshing native plugins compatible for Editor in 0.48 ms, found 1 plugins.
Preloading 0 native plugins for Editor in 0.00 ms.
Mono: successfully reloaded assembly
- Completed reload, in  1.219 seconds
Platform modules already initialized, skipping
Refreshing native plugins compatible for Editor in 0.85 ms, found 1 plugins.
Preloading 0 native plugins for Editor in 0.00 ms.
Unloading 1982 Unused Serialized files (Serialized files now loaded: 0)
System memory in use before: 92.0 MB.
System memory in use after: 92.1 MB.

Unloading 8 unused Assets to reduce memory usage. Loaded Objects now: 2461.
Total: 4.871700 ms (FindLiveObjects: 0.228800 ms CreateObjectMapping: 0.282700 ms MarkObjects: 4.321200 ms  DeleteObjects: 0.037500 ms)

========================================================================
Received Prepare
Registering precompiled user dll's ...
Registered in 0.001696 seconds.
Begin MonoManager ReloadAssembly
Native extension for WindowsStandalone target not found
Refreshing native plugins compatible for Editor in 0.74 ms, found 1 plugins.
Preloading 0 native plugins for Editor in 0.00 ms.
Mono: successfully reloaded assembly
- Completed reload, in  1.122 seconds
Platform modules already initialized, skipping
Refreshing native plugins compatible for Editor in 0.50 ms, found 1 plugins.
Preloading 0 native plugins for Editor in 0.00 ms.
Unloading 1982 Unused Serialized files (Serialized files now loaded: 0)
System memory in use before: 92.1 MB.
System memory in use after: 92.2 MB.

Unloading 8 unused Assets to reduce memory usage. Loaded Objects now: 2465.
Total: 3.421900 ms (FindLiveObjects: 0.733000 ms CreateObjectMapping: 0.438100 ms MarkObjects: 2.206300 ms  DeleteObjects: 0.042700 ms)

========================================================================
Received Prepare
Registering precompiled user dll's ...
Registered in 0.002153 seconds.
Begin MonoManager ReloadAssembly
Native extension for WindowsStandalone target not found
Refreshing native plugins compatible for Editor in 0.54 ms, found 1 plugins.
Preloading 0 native plugins for Editor in 0.00 ms.
Mono: successfully reloaded assembly
- Completed reload, in  1.096 seconds
Platform modules already initialized, skipping
Refreshing native plugins compatible for Editor in 0.53 ms, found 1 plugins.
Preloading 0 native plugins for Editor in 0.00 ms.
Unloading 1982 Unused Serialized files (Serialized files now loaded: 0)
System memory in use before: 92.1 MB.
System memory in use after: 92.2 MB.

Unloading 8 unused Assets to reduce memory usage. Loaded Objects now: 2469.
Total: 6.419100 ms (FindLiveObjects: 0.623800 ms CreateObjectMapping: 0.380700 ms MarkObjects: 5.373800 ms  DeleteObjects: 0.038000 ms)

========================================================================
Received Import Request.
  Time since last request: 2023.026173 seconds.
  path: ProjectSettings/TagManager.asset
  artifactKey: Guid(00000000000000003000000000000000) Importer(815301076,1909f56bfc062723c751e8b465ee728b)
Start importing ProjectSettings/TagManager.asset using Guid(00000000000000003000000000000000) Importer(815301076,1909f56bfc062723c751e8b465ee728b)  -> (artifact id: '888c2724cc4ad837462d55e90ac15c49') in 0.113152 seconds
  Import took 0.126513 seconds .

========================================================================
Received Prepare
Registering precompiled user dll's ...
Registered in 0.001765 seconds.
Begin MonoManager ReloadAssembly
Native extension for WindowsStandalone target not found
Refreshing native plugins compatible for Editor in 0.45 ms, found 1 plugins.
Preloading 0 native plugins for Editor in 0.00 ms.
Mono: successfully reloaded assembly
- Completed reload, in  1.265 seconds
Platform modules already initialized, skipping
Refreshing native plugins compatible for Editor in 0.51 ms, found 1 plugins.
Preloading 0 native plugins for Editor in 0.00 ms.
Unloading 1982 Unused Serialized files (Serialized files now loaded: 0)
System memory in use before: 92.1 MB.
System memory in use after: 92.2 MB.

Unloading 9 unused Assets to reduce memory usage. Loaded Objects now: 2473.
Total: 6.722800 ms (FindLiveObjects: 0.427000 ms CreateObjectMapping: 0.303300 ms MarkObjects: 5.932900 ms  DeleteObjects: 0.056600 ms)

========================================================================
Received Prepare
Registering precompiled user dll's ...
Registered in 0.001643 seconds.
Begin MonoManager ReloadAssembly
Native extension for WindowsStandalone target not found
Refreshing native plugins compatible for Editor in 0.77 ms, found 1 plugins.
Preloading 0 native plugins for Editor in 0.00 ms.
Mono: successfully reloaded assembly
- Completed reload, in  1.046 seconds
Platform modules already initialized, skipping
Refreshing native plugins compatible for Editor in 0.56 ms, found 1 plugins.
Preloading 0 native plugins for Editor in 0.00 ms.
Unloading 1982 Unused Serialized files (Serialized files now loaded: 0)
System memory in use before: 92.1 MB.
System memory in use after: 92.3 MB.

Unloading 8 unused Assets to reduce memory usage. Loaded Objects now: 2477.
Total: 2.516900 ms (FindLiveObjects: 0.285200 ms CreateObjectMapping: 0.108400 ms MarkObjects: 2.080100 ms  DeleteObjects: 0.042200 ms)

========================================================================
Received Import Request.
  Time since last request: 494.129060 seconds.
  path: Assets/Enemy.prefab
  artifactKey: Guid(0529f6caa3c04454dbb64de00f3adf85) Importer(815301076,1909f56bfc062723c751e8b465ee728b)
Start importing Assets/Enemy.prefab using Guid(0529f6caa3c04454dbb64de00f3adf85) Importer(815301076,1909f56bfc062723c751e8b465ee728b)  -> (artifact id: '42e1590b7125032b23acb7074abd7ea0') in 0.204966 seconds
  Import took 0.213845 seconds .

========================================================================
Received Prepare
Registering precompiled user dll's ...
Registered in 0.001685 seconds.
Begin MonoManager ReloadAssembly
Native extension for WindowsStandalone target not found
Refreshing native plugins compatible for Editor in 0.45 ms, found 1 plugins.
Preloading 0 native plugins for Editor in 0.00 ms.
Mono: successfully reloaded assembly
- Completed reload, in  0.958 seconds
Platform modules already initialized, skipping
Refreshing native plugins compatible for Editor in 0.50 ms, found 1 plugins.
Preloading 0 native plugins for Editor in 0.00 ms.
Unloading 1982 Unused Serialized files (Serialized files now loaded: 0)
System memory in use before: 95.1 MB.
System memory in use after: 95.2 MB.

Unloading 8 unused Assets to reduce memory usage. Loaded Objects now: 2488.
Total: 2.189500 ms (FindLiveObjects: 0.212900 ms CreateObjectMapping: 0.077500 ms MarkObjects: 1.883300 ms  DeleteObjects: 0.014900 ms)

========================================================================
Received Prepare
Registering precompiled user dll's ...
Registered in 0.001476 seconds.
Begin MonoManager ReloadAssembly
Native extension for WindowsStandalone target not found
Refreshing native plugins compatible for Editor in 0.48 ms, found 1 plugins.
Preloading 0 native plugins for Editor in 0.00 ms.
Mono: successfully reloaded assembly
- Completed reload, in  1.195 seconds
Platform modules already initialized, skipping
Refreshing native plugins compatible for Editor in 0.48 ms, found 1 plugins.
Preloading 0 native plugins for Editor in 0.00 ms.
Unloading 1982 Unused Serialized files (Serialized files now loaded: 0)
System memory in use before: 95.1 MB.
System memory in use after: 95.3 MB.

Unloading 8 unused Assets to reduce memory usage. Loaded Objects now: 2492.
Total: 3.044700 ms (FindLiveObjects: 0.581200 ms CreateObjectMapping: 0.233800 ms MarkObjects: 2.210200 ms  DeleteObjects: 0.017600 ms)

========================================================================
Received Prepare
Registering precompiled user dll's ...
Registered in 0.001718 seconds.
Begin MonoManager ReloadAssembly
Native extension for WindowsStandalone target not found
Refreshing native plugins compatible for Editor in 0.45 ms, found 1 plugins.
Preloading 0 native plugins for Editor in 0.00 ms.
Mono: successfully reloaded assembly
- Completed reload, in  1.038 seconds
Platform modules already initialized, skipping
Refreshing native plugins compatible for Editor in 0.49 ms, found 1 plugins.
Preloading 0 native plugins for Editor in 0.00 ms.
Unloading 1982 Unused Serialized files (Serialized files now loaded: 0)
System memory in use before: 95.1 MB.
System memory in use after: 95.3 MB.

Unloading 8 unused Assets to reduce memory usage. Loaded Objects now: 2496.
Total: 3.225700 ms (FindLiveObjects: 0.281400 ms CreateObjectMapping: 0.289900 ms MarkObjects: 2.631600 ms  DeleteObjects: 0.020900 ms)

========================================================================
Received Prepare
Registering precompiled user dll's ...
Registered in 0.001941 seconds.
Begin MonoManager ReloadAssembly
Native extension for WindowsStandalone target not found
Refreshing native plugins compatible for Editor in 0.57 ms, found 1 plugins.
Preloading 0 native plugins for Editor in 0.00 ms.
Mono: successfully reloaded assembly
- Completed reload, in  1.049 seconds
Platform modules already initialized, skipping
Refreshing native plugins compatible for Editor in 0.49 ms, found 1 plugins.
Preloading 0 native plugins for Editor in 0.00 ms.
Unloading 1982 Unused Serialized files (Serialized files now loaded: 0)
System memory in use before: 95.2 MB.
System memory in use after: 95.3 MB.

Unloading 8 unused Assets to reduce memory usage. Loaded Objects now: 2500.
Total: 2.910100 ms (FindLiveObjects: 0.394800 ms CreateObjectMapping: 0.109800 ms MarkObjects: 2.386300 ms  DeleteObjects: 0.017600 ms)

========================================================================
Received Import Request.
  Time since last request: 1657.381749 seconds.
  path: Assets/Likovi/Bandits - Pixel Art/Sprites
  artifactKey: Guid(9a78476a3a5328641be59096a0f53e7f) Importer(815301076,1909f56bfc062723c751e8b465ee728b)
Start importing Assets/Likovi/Bandits - Pixel Art/Sprites using Guid(9a78476a3a5328641be59096a0f53e7f) Importer(815301076,1909f56bfc062723c751e8b465ee728b)  -> (artifact id: '37cb18fdab41bcce87cdc22342f81826') in 0.013533 seconds
  Import took 0.077057 seconds .

========================================================================
Received Import Request.
  Time since last request: 0.000353 seconds.
  path: Assets/Likovi/Bandits - Pixel Art/Sprites/Background.png
  artifactKey: Guid(0ce96aa6462620e47ac56eccbb027deb) Importer(815301076,1909f56bfc062723c751e8b465ee728b)
Start importing Assets/Likovi/Bandits - Pixel Art/Sprites/Background.png using Guid(0ce96aa6462620e47ac56eccbb027deb) Importer(815301076,1909f56bfc062723c751e8b465ee728b)  -> (artifact id: '8b46d06a5b38125dc6f9051bf452c5f9') in 0.298983 seconds
  Import took 0.302642 seconds .

========================================================================
Received Import Request.
  Time since last request: 0.000313 seconds.
  path: Assets/Likovi/Bandits - Pixel Art/Sprites/HeavyBandit.png
  artifactKey: Guid(317b8365a4649ab459f6cb58ec8f9f18) Importer(815301076,1909f56bfc062723c751e8b465ee728b)
Start importing Assets/Likovi/Bandits - Pixel Art/Sprites/HeavyBandit.png using Guid(317b8365a4649ab459f6cb58ec8f9f18) Importer(815301076,1909f56bfc062723c751e8b465ee728b)  -> (artifact id: 'dad2f593c8c2deff9f2d5fff67c01d06') in 0.143246 seconds
  Import took 0.149359 seconds .

========================================================================
Received Import Request.
  Time since last request: 0.000324 seconds.
  path: Assets/Likovi/Bandits - Pixel Art/Sprites/LightBandit.png
  artifactKey: Guid(f2ed27d6c1c3ccc48959bcca269d88f0) Importer(815301076,1909f56bfc062723c751e8b465ee728b)
Start importing Assets/Likovi/Bandits - Pixel Art/Sprites/LightBandit.png using Guid(f2ed27d6c1c3ccc48959bcca269d88f0) Importer(815301076,1909f56bfc062723c751e8b465ee728b)  -> (artifact id: '22d55f729cd030f3ed864a012baa4f43') in 0.107398 seconds
  Import took 0.112499 seconds .

========================================================================
Received Import Request.
  Time since last request: 0.000347 seconds.
  path: Assets/Likovi/Bandits - Pixel Art/Sprites/EnvironmentTiles.png
  artifactKey: Guid(e10f9fe96b3acda42b06f252bba789de) Importer(815301076,1909f56bfc062723c751e8b465ee728b)
Start importing Assets/Likovi/Bandits - Pixel Art/Sprites/EnvironmentTiles.png using Guid(e10f9fe96b3acda42b06f252bba789de) Importer(815301076,1909f56bfc062723c751e8b465ee728b)  -> (artifact id: '75809812b8a6a82edd4d09fc97d0cd4d') in 0.048839 seconds
  Import took 0.063354 seconds .

========================================================================
Received Import Request.
  Time since last request: 0.834503 seconds.
  path: Assets/Likovi/Bandits - Pixel Art/Sprites/bandit
  artifactKey: Guid(06759e5ae92ad4c44a6c7dc5cacc7455) Importer(815301076,1909f56bfc062723c751e8b465ee728b)
Start importing Assets/Likovi/Bandits - Pixel Art/Sprites/bandit using Guid(06759e5ae92ad4c44a6c7dc5cacc7455) Importer(815301076,1909f56bfc062723c751e8b465ee728b)  -> (artifact id: '987c41af1f92adc737f68331d9aeb6c0') in 0.010401 seconds
  Import took 0.086013 seconds .

========================================================================
Received Import Request.
  Time since last request: 0.001602 seconds.
  path: Assets/Likovi/Bandits - Pixel Art/Sprites/bandit/LightBandit_0.asset
  artifactKey: Guid(f5009be2adf632a40bbc2f116dbbcb60) Importer(815301076,1909f56bfc062723c751e8b465ee728b)
Start importing Assets/Likovi/Bandits - Pixel Art/Sprites/bandit/LightBandit_0.asset using Guid(f5009be2adf632a40bbc2f116dbbcb60) Importer(815301076,1909f56bfc062723c751e8b465ee728b)  -> (artifact id: 'cbbf0561b1c426277bed92915df3a9a4') in 0.019637 seconds
  Import took 0.091478 seconds .

========================================================================
Received Import Request.
  Time since last request: 0.000295 seconds.
  path: Assets/Likovi/Bandits - Pixel Art/Sprites/bandit/LightBandit_3.asset
  artifactKey: Guid(8f1f447797b7a10478881a494967f244) Importer(815301076,1909f56bfc062723c751e8b465ee728b)
Start importing Assets/Likovi/Bandits - Pixel Art/Sprites/bandit/LightBandit_3.asset using Guid(8f1f447797b7a10478881a494967f244) Importer(815301076,1909f56bfc062723c751e8b465ee728b)  -> (artifact id: 'fc2a6dc216e291c7f71d646568cf6f93') in 0.016222 seconds
  Import took 0.028125 seconds .

========================================================================
Received Import Request.
  Time since last request: 0.000354 seconds.
  path: Assets/Likovi/Bandits - Pixel Art/Sprites/bandit/LightBandit_2.asset
  artifactKey: Guid(cd416614c0bbff741aaf069442a0dd88) Importer(815301076,1909f56bfc062723c751e8b465ee728b)
Start importing Assets/Likovi/Bandits - Pixel Art/Sprites/bandit/LightBandit_2.asset using Guid(cd416614c0bbff741aaf069442a0dd88) Importer(815301076,1909f56bfc062723c751e8b465ee728b)  -> (artifact id: '7675afb1b27d5920ebcbe0fe4122823f') in 0.015005 seconds
  Import took 0.028492 seconds .

========================================================================
Received Import Request.
  Time since last request: 0.000297 seconds.
  path: Assets/Likovi/Bandits - Pixel Art/Sprites/bandit/LightBandit_7.asset
  artifactKey: Guid(0250287ef86950b42be6ba1522f2f261) Importer(815301076,1909f56bfc062723c751e8b465ee728b)
Start importing Assets/Likovi/Bandits - Pixel Art/Sprites/bandit/LightBandit_7.asset using Guid(0250287ef86950b42be6ba1522f2f261) Importer(815301076,1909f56bfc062723c751e8b465ee728b)  -> (artifact id: 'ae24174e62e2297fd8cee29cce0bf2a6') in 0.015077 seconds
  Import took 0.018845 seconds .

========================================================================
Received Import Request.
  Time since last request: 0.000293 seconds.
  path: Assets/Likovi/Bandits - Pixel Art/Sprites/bandit/LightBandit_11.asset
  artifactKey: Guid(82b4f793251fa0a4b986e193b4280e27) Importer(815301076,1909f56bfc062723c751e8b465ee728b)
Start importing Assets/Likovi/Bandits - Pixel Art/Sprites/bandit/LightBandit_11.asset using Guid(82b4f793251fa0a4b986e193b4280e27) Importer(815301076,1909f56bfc062723c751e8b465ee728b)  -> (artifact id: '674dcd793c6f29a23ad62b80554d9c8f') in 0.023609 seconds
  Import took 0.027672 seconds .

========================================================================
Received Import Request.
  Time since last request: 0.000272 seconds.
  path: Assets/Likovi/Bandits - Pixel Art/Sprites/bandit/LightBandit_1.asset
  artifactKey: Guid(4fa9e9fdd356530498c760335abbab25) Importer(815301076,1909f56bfc062723c751e8b465ee728b)
Start importing Assets/Likovi/Bandits - Pixel Art/Sprites/bandit/LightBandit_1.asset using Guid(4fa9e9fdd356530498c760335abbab25) Importer(815301076,1909f56bfc062723c751e8b465ee728b)  -> (artifact id: 'a76b0c41bae204062083d1c892cbd037') in 0.016622 seconds
  Import took 0.024385 seconds .

========================================================================
Received Import Request.
  Time since last request: 0.000272 seconds.
  path: Assets/Likovi/Bandits - Pixel Art/Sprites/bandit/LightBandit_13.asset
  artifactKey: Guid(e2433738b980b644cb870e4a6fc2cddd) Importer(815301076,1909f56bfc062723c751e8b465ee728b)
Start importing Assets/Likovi/Bandits - Pixel Art/Sprites/bandit/LightBandit_13.asset using Guid(e2433738b980b644cb870e4a6fc2cddd) Importer(815301076,1909f56bfc062723c751e8b465ee728b)  -> (artifact id: 'bd402b8d4597a7dea40750e6b14f5fca') in 0.012898 seconds
  Import took 0.016924 seconds .

========================================================================
Received Import Request.
  Time since last request: 0.000175 seconds.
  path: Assets/Likovi/Bandits - Pixel Art/Sprites/bandit/LightBandit_14.asset
  artifactKey: Guid(29525fd5d1b859d45873d859d295249f) Importer(815301076,1909f56bfc062723c751e8b465ee728b)
Start importing Assets/Likovi/Bandits - Pixel Art/Sprites/bandit/LightBandit_14.asset using Guid(29525fd5d1b859d45873d859d295249f) Importer(815301076,1909f56bfc062723c751e8b465ee728b)  -> (artifact id: 'b68d8043e20c866ed468c8d717e89987') in 0.012801 seconds
  Import took 0.026222 seconds .

========================================================================
Received Import Request.
  Time since last request: 0.000345 seconds.
  path: Assets/Likovi/Bandits - Pixel Art/Sprites/bandit/LightBandit_9.asset
  artifactKey: Guid(ac7880975f80d45429d2f3af0337ace5) Importer(815301076,1909f56bfc062723c751e8b465ee728b)
Start importing Assets/Likovi/Bandits - Pixel Art/Sprites/bandit/LightBandit_9.asset using Guid(ac7880975f80d45429d2f3af0337ace5) Importer(815301076,1909f56bfc062723c751e8b465ee728b)  -> (artifact id: '401f53d4ccd0c937986fab931c2c5ab9') in 0.017084 seconds
  Import took 0.027985 seconds .

========================================================================
Received Import Request.
  Time since last request: 0.000200 seconds.
  path: Assets/Likovi/Bandits - Pixel Art/Sprites/bandit/LightBandit_8.asset
  artifactKey: Guid(41b8872697cbbbe4c8e2c0a2bf97373a) Importer(815301076,1909f56bfc062723c751e8b465ee728b)
Start importing Assets/Likovi/Bandits - Pixel Art/Sprites/bandit/LightBandit_8.asset using Guid(41b8872697cbbbe4c8e2c0a2bf97373a) Importer(815301076,1909f56bfc062723c751e8b465ee728b)  -> (artifact id: '23453c1251b5359679ab9a23df9030b4') in 0.013393 seconds
  Import took 0.017311 seconds .

========================================================================
Received Import Request.
  Time since last request: 0.000194 seconds.
  path: Assets/Likovi/Bandits - Pixel Art/Sprites/bandit/LightBandit_23.asset
  artifactKey: Guid(6da3bb7ec96da15449cda2174fb66d54) Importer(815301076,1909f56bfc062723c751e8b465ee728b)
Start importing Assets/Likovi/Bandits - Pixel Art/Sprites/bandit/LightBandit_23.asset using Guid(6da3bb7ec96da15449cda2174fb66d54) Importer(815301076,1909f56bfc062723c751e8b465ee728b)  -> (artifact id: 'b9fe86a1f82ac249ef85c7714bcd7479') in 0.013414 seconds
  Import took 0.022752 seconds .

========================================================================
Received Import Request.
  Time since last request: 0.000193 seconds.
  path: Assets/Likovi/Bandits - Pixel Art/Sprites/bandit/LightBandit_24.asset
  artifactKey: Guid(3c1d7b08d0ef97b49a69035a75d9832a) Importer(815301076,1909f56bfc062723c751e8b465ee728b)
Start importing Assets/Likovi/Bandits - Pixel Art/Sprites/bandit/LightBandit_24.asset using Guid(3c1d7b08d0ef97b49a69035a75d9832a) Importer(815301076,1909f56bfc062723c751e8b465ee728b)  -> (artifact id: 'caf93c3e61635e6db05f9ad1e39c2714') in 0.042871 seconds
  Import took 0.048230 seconds .

========================================================================
Received Import Request.
  Time since last request: 0.000314 seconds.
  path: Assets/Likovi/Bandits - Pixel Art/Sprites/bandit/LightBandit_25.asset
  artifactKey: Guid(3a06df6ade5dae24daae4372b0f0b917) Importer(815301076,1909f56bfc062723c751e8b465ee728b)
Start importing Assets/Likovi/Bandits - Pixel Art/Sprites/bandit/LightBandit_25.asset using Guid(3a06df6ade5dae24daae4372b0f0b917) Importer(815301076,1909f56bfc062723c751e8b465ee728b)  -> (artifact id: 'badbe1803baa2c7c67d13f0213e09f8b') in 0.016971 seconds
  Import took 0.023856 seconds .

========================================================================
Received Import Request.
  Time since last request: 0.000223 seconds.
  path: Assets/Likovi/Bandits - Pixel Art/Sprites/bandit/LightBandit_29.asset
  artifactKey: Guid(077ff20b9b56a1043b3822216a9aa69f) Importer(815301076,1909f56bfc062723c751e8b465ee728b)
Start importing Assets/Likovi/Bandits - Pixel Art/Sprites/bandit/LightBandit_29.asset using Guid(077ff20b9b56a1043b3822216a9aa69f) Importer(815301076,1909f56bfc062723c751e8b465ee728b)  -> (artifact id: '30453a3f96e0965ad860e0836303d872') in 0.012882 seconds
  Import took 0.016900 seconds .

========================================================================
Received Import Request.
  Time since last request: 0.000189 seconds.
  path: Assets/Likovi/Bandits - Pixel Art/Sprites/bandit/LightBandit_33.asset
  artifactKey: Guid(4708a67febfa7754b9a5e0b3a5f5335d) Importer(815301076,1909f56bfc062723c751e8b465ee728b)
Start importing Assets/Likovi/Bandits - Pixel Art/Sprites/bandit/LightBandit_33.asset using Guid(4708a67febfa7754b9a5e0b3a5f5335d) Importer(815301076,1909f56bfc062723c751e8b465ee728b)  -> (artifact id: '1f216ce3b51c3d6eb5cfa102bbf2a72c') in 0.014436 seconds
  Import took 0.018429 seconds .

========================================================================
Received Import Request.
  Time since last request: 0.000201 seconds.
  path: Assets/Likovi/Bandits - Pixel Art/Sprites/bandit/LightBandit_35.asset
  artifactKey: Guid(73b596970b2993546a130c88bfcbaebe) Importer(815301076,1909f56bfc062723c751e8b465ee728b)
Start importing Assets/Likovi/Bandits - Pixel Art/Sprites/bandit/LightBandit_35.asset using Guid(73b596970b2993546a130c88bfcbaebe) Importer(815301076,1909f56bfc062723c751e8b465ee728b)  -> (artifact id: '5b0655e0448310258181c9e39c0c7b6e') in 0.032459 seconds
  Import took 0.044854 seconds .

========================================================================
Received Import Request.
  Time since last request: 0.000226 seconds.
  path: Assets/Likovi/Bandits - Pixel Art/Sprites/bandit/LightBandit_18.asset
  artifactKey: Guid(fed427cbc99e61847a21b88ed6eebc84) Importer(815301076,1909f56bfc062723c751e8b465ee728b)
Start importing Assets/Likovi/Bandits - Pixel Art/Sprites/bandit/LightBandit_18.asset using Guid(fed427cbc99e61847a21b88ed6eebc84) Importer(815301076,1909f56bfc062723c751e8b465ee728b)  -> (artifact id: '5e24332f47565055511bf6eebef62cdf') in 0.018313 seconds
  Import took 0.023699 seconds .

========================================================================
Received Import Request.
  Time since last request: 0.000208 seconds.
  path: Assets/Likovi/Bandits - Pixel Art/Sprites/bandit/LightBandit_21.asset
  artifactKey: Guid(8c50a2cee8eed90489a85beafe6c5c54) Importer(815301076,1909f56bfc062723c751e8b465ee728b)
Start importing Assets/Likovi/Bandits - Pixel Art/Sprites/bandit/LightBandit_21.asset using Guid(8c50a2cee8eed90489a85beafe6c5c54) Importer(815301076,1909f56bfc062723c751e8b465ee728b)  -> (artifact id: '03635cb900544a6e727e5cc341036017') in 0.018996 seconds
  Import took 0.023745 seconds .

========================================================================
Received Import Request.
  Time since last request: 0.000202 seconds.
  path: Assets/Likovi/Bandits - Pixel Art/Sprites/bandit/LightBandit_32.asset
  artifactKey: Guid(d8737c4d6c6e566478f62760833864a8) Importer(815301076,1909f56bfc062723c751e8b465ee728b)
Start importing Assets/Likovi/Bandits - Pixel Art/Sprites/bandit/LightBandit_32.asset using Guid(d8737c4d6c6e566478f62760833864a8) Importer(815301076,1909f56bfc062723c751e8b465ee728b)  -> (artifact id: 'd0e0e76183848d3866366bef8c0d38c6') in 0.020558 seconds
  Import took 0.024703 seconds .

========================================================================
Received Import Request.
  Time since last request: 0.000226 seconds.
  path: Assets/Likovi/Bandits - Pixel Art/Sprites/bandit/LightBandit_31.asset
  artifactKey: Guid(d5dc3b2d60c3ccc42a94978a33d774ed) Importer(815301076,1909f56bfc062723c751e8b465ee728b)
Start importing Assets/Likovi/Bandits - Pixel Art/Sprites/bandit/LightBandit_31.asset using Guid(d5dc3b2d60c3ccc42a94978a33d774ed) Importer(815301076,1909f56bfc062723c751e8b465ee728b)  -> (artifact id: '4847fe42e4667a51de52a50810a406a7') in 0.019169 seconds
  Import took 0.023358 seconds .

========================================================================
Received Import Request.
  Time since last request: 0.000246 seconds.
  path: Assets/Likovi/Bandits - Pixel Art/Sprites/bandit/LightBandit_5.asset
  artifactKey: Guid(9a99f3523dcb4e84d98215a0c7d49dd1) Importer(815301076,1909f56bfc062723c751e8b465ee728b)
Start importing Assets/Likovi/Bandits - Pixel Art/Sprites/bandit/LightBandit_5.asset using Guid(9a99f3523dcb4e84d98215a0c7d49dd1) Importer(815301076,1909f56bfc062723c751e8b465ee728b)  -> (artifact id: 'dff18e8f7937eaafa07d149dcffa90fc') in 0.015979 seconds
  Import took 0.020224 seconds .

========================================================================
Received Import Request.
  Time since last request: 0.000312 seconds.
  path: Assets/Likovi/Bandits - Pixel Art/Sprites/bandit/LightBandit_19.asset
  artifactKey: Guid(a977319796433384680f8e1c6a6ba4b5) Importer(815301076,1909f56bfc062723c751e8b465ee728b)
Start importing Assets/Likovi/Bandits - Pixel Art/Sprites/bandit/LightBandit_19.asset using Guid(a977319796433384680f8e1c6a6ba4b5) Importer(815301076,1909f56bfc062723c751e8b465ee728b)  -> (artifact id: '77f9df971ca0a11862be185987812e80') in 0.019150 seconds
  Import took 0.023005 seconds .

========================================================================
Received Import Request.
  Time since last request: 0.000177 seconds.
  path: Assets/Likovi/Bandits - Pixel Art/Sprites/bandit/LightBandit_17.asset
  artifactKey: Guid(39bdf3e34cb07a8428e9edfc5f68e870) Importer(815301076,1909f56bfc062723c751e8b465ee728b)
Start importing Assets/Likovi/Bandits - Pixel Art/Sprites/bandit/LightBandit_17.asset using Guid(39bdf3e34cb07a8428e9edfc5f68e870) Importer(815301076,1909f56bfc062723c751e8b465ee728b)  -> (artifact id: '2285a234c84d33e499321690b7e92e42') in 0.020691 seconds
  Import took 0.024460 seconds .

========================================================================
Received Import Request.
  Time since last request: 0.000191 seconds.
  path: Assets/Likovi/Bandits - Pixel Art/Sprites/bandit/LightBandit_16.asset
  artifactKey: Guid(3f0cc308067e2714ba4fa3c51d935226) Importer(815301076,1909f56bfc062723c751e8b465ee728b)
Start importing Assets/Likovi/Bandits - Pixel Art/Sprites/bandit/LightBandit_16.asset using Guid(3f0cc308067e2714ba4fa3c51d935226) Importer(815301076,1909f56bfc062723c751e8b465ee728b)  -> (artifact id: 'ab38852a0f7f1103e98a75dc9769f39e') in 0.018219 seconds
  Import took 0.022967 seconds .

========================================================================
Received Import Request.
  Time since last request: 0.000208 seconds.
  path: Assets/Likovi/Bandits - Pixel Art/Sprites/bandit/LightBandit_34.asset
  artifactKey: Guid(929c6045921bf294f86a351de68af059) Importer(815301076,1909f56bfc062723c751e8b465ee728b)
Start importing Assets/Likovi/Bandits - Pixel Art/Sprites/bandit/LightBandit_34.asset using Guid(929c6045921bf294f86a351de68af059) Importer(815301076,1909f56bfc062723c751e8b465ee728b)  -> (artifact id: '3e01bf2e1550cf70b07feec665a51472') in 0.018377 seconds
  Import took 0.022383 seconds .

========================================================================
Received Import Request.
  Time since last request: 0.000180 seconds.
  path: Assets/Likovi/Bandits - Pixel Art/Sprites/bandit/LightBandit_26.asset
  artifactKey: Guid(1caff5240b2e25b40baff4e560576e89) Importer(815301076,1909f56bfc062723c751e8b465ee728b)
Start importing Assets/Likovi/Bandits - Pixel Art/Sprites/bandit/LightBandit_26.asset using Guid(1caff5240b2e25b40baff4e560576e89) Importer(815301076,1909f56bfc062723c751e8b465ee728b)  -> (artifact id: '771fcc3e0394c933093379130cb5075e') in 0.018377 seconds
  Import took 0.022934 seconds .

========================================================================
Received Import Request.
  Time since last request: 0.000207 seconds.
  path: Assets/Likovi/Bandits - Pixel Art/Sprites/bandit/LightBandit_27.asset
  artifactKey: Guid(d3c4985463d1c384dac1300759e0ca6c) Importer(815301076,1909f56bfc062723c751e8b465ee728b)
Start importing Assets/Likovi/Bandits - Pixel Art/Sprites/bandit/LightBandit_27.asset using Guid(d3c4985463d1c384dac1300759e0ca6c) Importer(815301076,1909f56bfc062723c751e8b465ee728b)  -> (artifact id: 'faaef2090fa0a9aeed5db7f1a8c0b613') in 0.017087 seconds
  Import took 0.021592 seconds .

========================================================================
Received Import Request.
  Time since last request: 0.000224 seconds.
  path: Assets/Likovi/Bandits - Pixel Art/Sprites/bandit/LightBandit_10.asset
  artifactKey: Guid(49fe6b92cf69b60439a240666960935d) Importer(815301076,1909f56bfc062723c751e8b465ee728b)
Start importing Assets/Likovi/Bandits - Pixel Art/Sprites/bandit/LightBandit_10.asset using Guid(49fe6b92cf69b60439a240666960935d) Importer(815301076,1909f56bfc062723c751e8b465ee728b)  -> (artifact id: 'b6d4f94dca9ac0c369da98d898d15768') in 0.017303 seconds
  Import took 0.021223 seconds .

========================================================================
Received Import Request.
  Time since last request: 0.000198 seconds.
  path: Assets/Likovi/Bandits - Pixel Art/Sprites/bandit/LightBandit_28.asset
  artifactKey: Guid(5fe6df5953a3a454f951f98d26273c18) Importer(815301076,1909f56bfc062723c751e8b465ee728b)
Start importing Assets/Likovi/Bandits - Pixel Art/Sprites/bandit/LightBandit_28.asset using Guid(5fe6df5953a3a454f951f98d26273c18) Importer(815301076,1909f56bfc062723c751e8b465ee728b)  -> (artifact id: 'b1e0e62a6d461f5b119575533b2dd590') in 0.017543 seconds
  Import took 0.021869 seconds .

========================================================================
Received Import Request.
  Time since last request: 0.000309 seconds.
  path: Assets/Likovi/Bandits - Pixel Art/Sprites/bandit/LightBandit_4.asset
  artifactKey: Guid(1100a5fc65563a741855029da73039b1) Importer(815301076,1909f56bfc062723c751e8b465ee728b)
Start importing Assets/Likovi/Bandits - Pixel Art/Sprites/bandit/LightBandit_4.asset using Guid(1100a5fc65563a741855029da73039b1) Importer(815301076,1909f56bfc062723c751e8b465ee728b)  -> (artifact id: '5f937b95be6ef07da019322f3d0f60dc') in 0.020164 seconds
  Import took 0.067196 seconds .

========================================================================
Received Import Request.
  Time since last request: 0.000484 seconds.
  path: Assets/Likovi/Bandits - Pixel Art/Sprites/bandit/LightBandit_30.asset
  artifactKey: Guid(4f4041a8e910d9546b21a44a0c8fe942) Importer(815301076,1909f56bfc062723c751e8b465ee728b)
Start importing Assets/Likovi/Bandits - Pixel Art/Sprites/bandit/LightBandit_30.asset using Guid(4f4041a8e910d9546b21a44a0c8fe942) Importer(815301076,1909f56bfc062723c751e8b465ee728b)  -> (artifact id: 'd6f608317ef79dda7f180eea113752c0') in 0.034625 seconds
  Import took 0.041309 seconds .

========================================================================
Received Import Request.
  Time since last request: 0.000093 seconds.
  path: Assets/Likovi/Bandits - Pixel Art/Sprites/bandit/LightBandit_22.asset
  artifactKey: Guid(772a62812f0e26746a698db5e90d28c9) Importer(815301076,1909f56bfc062723c751e8b465ee728b)
Start importing Assets/Likovi/Bandits - Pixel Art/Sprites/bandit/LightBandit_22.asset using Guid(772a62812f0e26746a698db5e90d28c9) Importer(815301076,1909f56bfc062723c751e8b465ee728b)  -> (artifact id: 'b4a30dbf8433b2ee32bb34070155bd18') in 0.021918 seconds
  Import took 0.026790 seconds .

========================================================================
Received Import Request.
  Time since last request: 0.000216 seconds.
  path: Assets/Likovi/Bandits - Pixel Art/Sprites/bandit/LightBandit_6.asset
  artifactKey: Guid(503d064b85b07654b806dd9e8b12776c) Importer(815301076,1909f56bfc062723c751e8b465ee728b)
Start importing Assets/Likovi/Bandits - Pixel Art/Sprites/bandit/LightBandit_6.asset using Guid(503d064b85b07654b806dd9e8b12776c) Importer(815301076,1909f56bfc062723c751e8b465ee728b)  -> (artifact id: '8984323c741de2f2729cfe0ac27930ac') in 0.019809 seconds
  Import took 0.023704 seconds .

========================================================================
Received Import Request.
  Time since last request: 0.000204 seconds.
  path: Assets/Likovi/Bandits - Pixel Art/Sprites/bandit/LightBandit_15.asset
  artifactKey: Guid(e8e2abc4b68a0aa4784d36cd5e6dcca4) Importer(815301076,1909f56bfc062723c751e8b465ee728b)
Start importing Assets/Likovi/Bandits - Pixel Art/Sprites/bandit/LightBandit_15.asset using Guid(e8e2abc4b68a0aa4784d36cd5e6dcca4) Importer(815301076,1909f56bfc062723c751e8b465ee728b)  -> (artifact id: 'bc45e357914edd7c8b5d4e8ec7890624') in 0.018360 seconds
  Import took 0.023809 seconds .

========================================================================
Received Import Request.
  Time since last request: 0.000244 seconds.
  path: Assets/Likovi/Bandits - Pixel Art/Sprites/bandit/LightBandit_20.asset
  artifactKey: Guid(47801152cd1d0534f98ecb23eef20d5c) Importer(815301076,1909f56bfc062723c751e8b465ee728b)
Start importing Assets/Likovi/Bandits - Pixel Art/Sprites/bandit/LightBandit_20.asset using Guid(47801152cd1d0534f98ecb23eef20d5c) Importer(815301076,1909f56bfc062723c751e8b465ee728b)  -> (artifact id: '07f5466b82999bccc55d96f927d13396') in 0.017617 seconds
  Import took 0.022532 seconds .

========================================================================
Received Import Request.
  Time since last request: 0.000195 seconds.
  path: Assets/Likovi/Bandits - Pixel Art/Sprites/bandit/LightBandit_12.asset
  artifactKey: Guid(9c417453278e0d148acd422ef16a392e) Importer(815301076,1909f56bfc062723c751e8b465ee728b)
Start importing Assets/Likovi/Bandits - Pixel Art/Sprites/bandit/LightBandit_12.asset using Guid(9c417453278e0d148acd422ef16a392e) Importer(815301076,1909f56bfc062723c751e8b465ee728b)  -> (artifact id: 'a6226d4d3922289eb018ad862dd6c8e1') in 0.019013 seconds
  Import took 0.022845 seconds .

========================================================================
Received Import Request.
  Time since last request: 90.581724 seconds.
  path: Assets/Likovi/Streber/streber death.png
  artifactKey: Guid(38af99c21511e2942a365cd790f868f1) Importer(815301076,1909f56bfc062723c751e8b465ee728b)
Start importing Assets/Likovi/Streber/streber death.png using Guid(38af99c21511e2942a365cd790f868f1) Importer(815301076,1909f56bfc062723c751e8b465ee728b)  -> (artifact id: '3224823def0e76f21c4a7fcf08f276e5') in 0.159262 seconds
  Import took 0.163878 seconds .

========================================================================
Received Import Request.
  Time since last request: 0.000293 seconds.
  path: Assets/Likovi/Streber/streber running.png
  artifactKey: Guid(341a846c6ef73df48885834a9cc516bc) Importer(815301076,1909f56bfc062723c751e8b465ee728b)
Start importing Assets/Likovi/Streber/streber running.png using Guid(341a846c6ef73df48885834a9cc516bc) Importer(815301076,1909f56bfc062723c751e8b465ee728b)  -> (artifact id: 'ce64ded79dea04c94f8c1e01b4bcce3f') in 0.042008 seconds
  Import took 0.057021 seconds .

========================================================================
Received Import Request.
  Time since last request: 0.000230 seconds.
  path: Assets/Likovi/Streber/streber regular attack.png
  artifactKey: Guid(341123fbbabea6a4e8591ceafc00e0b8) Importer(815301076,1909f56bfc062723c751e8b465ee728b)
Start importing Assets/Likovi/Streber/streber regular attack.png using Guid(341123fbbabea6a4e8591ceafc00e0b8) Importer(815301076,1909f56bfc062723c751e8b465ee728b)  -> (artifact id: '1da2149488029e2d624a7392e028588e') in 0.038073 seconds
  Import took 0.055432 seconds .

========================================================================
Received Import Request.
  Time since last request: 0.000314 seconds.
  path: Assets/Likovi/Streber/streber gravestone.png
  artifactKey: Guid(27e18355ae12f174ab2a8858a2a07759) Importer(815301076,1909f56bfc062723c751e8b465ee728b)
Start importing Assets/Likovi/Streber/streber gravestone.png using Guid(27e18355ae12f174ab2a8858a2a07759) Importer(815301076,1909f56bfc062723c751e8b465ee728b)  -> (artifact id: '81b69e214bf515f30df1d67d87b2fccb') in 0.060192 seconds
  Import took 0.064711 seconds .

========================================================================
Received Import Request.
  Time since last request: 0.000329 seconds.
  path: Assets/Likovi/Streber/streber death.png
  artifactKey: Guid(38af99c21511e2942a365cd790f868f1) Importer(815301076,1909f56bfc062723c751e8b465ee728b)
Start importing Assets/Likovi/Streber/streber death.png using Guid(38af99c21511e2942a365cd790f868f1) Importer(815301076,1909f56bfc062723c751e8b465ee728b)  -> (artifact id: '3224823def0e76f21c4a7fcf08f276e5') in 0.037222 seconds
  Import took 0.041093 seconds .

========================================================================
Received Import Request.
  Time since last request: 0.000305 seconds.
  path: Assets/Likovi/Streber/streber hyper attack.png
  artifactKey: Guid(9d106f29774b694428684994ed318c32) Importer(815301076,1909f56bfc062723c751e8b465ee728b)
Start importing Assets/Likovi/Streber/streber hyper attack.png using Guid(9d106f29774b694428684994ed318c32) Importer(815301076,1909f56bfc062723c751e8b465ee728b)  -> (artifact id: 'b1eb992b5bf58136f2f39e79c8f3b2c9') in 0.070550 seconds
  Import took 0.074172 seconds .

========================================================================
Received Import Request.
  Time since last request: 0.000342 seconds.
  path: Assets/Likovi/Streber/streber jump.png
  artifactKey: Guid(48a3b59b57f2ae54c90717d923b0fb3b) Importer(815301076,1909f56bfc062723c751e8b465ee728b)
Start importing Assets/Likovi/Streber/streber jump.png using Guid(48a3b59b57f2ae54c90717d923b0fb3b) Importer(815301076,1909f56bfc062723c751e8b465ee728b)  -> (artifact id: '7e11b6ad30d51abab5e7ab6b0b487040') in 0.040750 seconds
  Import took 0.047528 seconds .

========================================================================
Received Import Request.
  Time since last request: 0.000268 seconds.
  path: Assets/Likovi/Streber/streber hurt.png
  artifactKey: Guid(26276a68740f00f42a066341c1774384) Importer(815301076,1909f56bfc062723c751e8b465ee728b)
Start importing Assets/Likovi/Streber/streber hurt.png using Guid(26276a68740f00f42a066341c1774384) Importer(815301076,1909f56bfc062723c751e8b465ee728b)  -> (artifact id: '747b04c88dc49465a03eb1dbea492f14') in 0.092306 seconds
  Import took 0.095922 seconds .

========================================================================
Received Import Request.
  Time since last request: 0.000311 seconds.
  path: Assets/Likovi/Streber/streber idle 1.png
  artifactKey: Guid(4142a5b8c0612274487e796df5aa87b4) Importer(815301076,1909f56bfc062723c751e8b465ee728b)
Start importing Assets/Likovi/Streber/streber idle 1.png using Guid(4142a5b8c0612274487e796df5aa87b4) Importer(815301076,1909f56bfc062723c751e8b465ee728b)  -> (artifact id: '82a2a350d61a58a915fb024f73f57873') in 0.036162 seconds
  Import took 0.040125 seconds .

========================================================================
Received Import Request.
  Time since last request: 0.062591 seconds.
  path: Assets/Likovi/Streber/streber idle_0.controller
  artifactKey: Guid(25a05ee9cfe31e54eacb51853bd87e02) Importer(815301076,1909f56bfc062723c751e8b465ee728b)
Start importing Assets/Likovi/Streber/streber idle_0.controller using Guid(25a05ee9cfe31e54eacb51853bd87e02) Importer(815301076,1909f56bfc062723c751e8b465ee728b)  -> (artifact id: '17dbffaa0508baea43be8146f603f5b6') in 0.114214 seconds
  Import took 0.119504 seconds .

========================================================================
Received Import Request.
  Time since last request: 16.047478 seconds.
  path: Assets/Likovi/Bandits - Pixel Art/Animations/Heavy Bandit/HeavyBandit_AnimController.overrideController
  artifactKey: Guid(b810f2280bb2a6b4cbf996716e6e3d55) Importer(815301076,1909f56bfc062723c751e8b465ee728b)
Start importing Assets/Likovi/Bandits - Pixel Art/Animations/Heavy Bandit/HeavyBandit_AnimController.overrideController using Guid(b810f2280bb2a6b4cbf996716e6e3d55) Importer(815301076,1909f56bfc062723c751e8b465ee728b)  -> (artifact id: 'e6092c8c5f1d5f7ee21171856eee2323') in 0.254051 seconds
  Import took 0.258911 seconds .

========================================================================
Received Import Request.
  Time since last request: 0.004528 seconds.
  path: Assets/Likovi/Bandits - Pixel Art/Animations/Heavy Bandit/HeavyBandit_AnimController.overrideController
  artifactKey: Guid(b810f2280bb2a6b4cbf996716e6e3d55) Importer(815301076,1909f56bfc062723c751e8b465ee728b)
Start importing Assets/Likovi/Bandits - Pixel Art/Animations/Heavy Bandit/HeavyBandit_AnimController.overrideController using Guid(b810f2280bb2a6b4cbf996716e6e3d55) Importer(815301076,1909f56bfc062723c751e8b465ee728b)  -> (artifact id: 'e6092c8c5f1d5f7ee21171856eee2323') in 0.011365 seconds
  Import took 0.015983 seconds .

========================================================================
Received Import Request.
  Time since last request: 4.124417 seconds.
  path: Assets/Likovi/Bandits - Pixel Art/Animations/Light Bandit/LightBandit_AnimController.controller
  artifactKey: Guid(b95265f99b6d90e438df1308a89c8bab) Importer(815301076,1909f56bfc062723c751e8b465ee728b)
Start importing Assets/Likovi/Bandits - Pixel Art/Animations/Light Bandit/LightBandit_AnimController.controller using Guid(b95265f99b6d90e438df1308a89c8bab) Importer(815301076,1909f56bfc062723c751e8b465ee728b)  -> (artifact id: '549af104e8dfba12474690f6619ffe9d') in 0.015008 seconds
  Import took 0.019246 seconds .

========================================================================
Received Import Request.
  Time since last request: 0.003173 seconds.
  path: Assets/Likovi/Bandits - Pixel Art/Animations/Light Bandit/LightBandit_AnimController.controller
  artifactKey: Guid(b95265f99b6d90e438df1308a89c8bab) Importer(815301076,1909f56bfc062723c751e8b465ee728b)
Start importing Assets/Likovi/Bandits - Pixel Art/Animations/Light Bandit/LightBandit_AnimController.controller using Guid(b95265f99b6d90e438df1308a89c8bab) Importer(815301076,1909f56bfc062723c751e8b465ee728b)  -> (artifact id: '549af104e8dfba12474690f6619ffe9d') in 0.009277 seconds
  Import took 0.014021 seconds .

========================================================================
Received Prepare
Registering precompiled user dll's ...
Registered in 0.001587 seconds.
Begin MonoManager ReloadAssembly
Native extension for WindowsStandalone target not found
Refreshing native plugins compatible for Editor in 0.45 ms, found 1 plugins.
Preloading 0 native plugins for Editor in 0.00 ms.
Mono: successfully reloaded assembly
- Completed reload, in  1.070 seconds
Platform modules already initialized, skipping
Refreshing native plugins compatible for Editor in 0.47 ms, found 1 plugins.
Preloading 0 native plugins for Editor in 0.00 ms.
Unloading 1982 Unused Serialized files (Serialized files now loaded: 0)
System memory in use before: 95.3 MB.
System memory in use after: 95.4 MB.

Unloading 8 unused Assets to reduce memory usage. Loaded Objects now: 2523.
Total: 2.838200 ms (FindLiveObjects: 0.444200 ms CreateObjectMapping: 0.353100 ms MarkObjects: 2.023600 ms  DeleteObjects: 0.016100 ms)

========================================================================
Received Prepare
Registering precompiled user dll's ...
Registered in 0.003646 seconds.
Begin MonoManager ReloadAssembly
Native extension for WindowsStandalone target not found
Refreshing native plugins compatible for Editor in 0.46 ms, found 1 plugins.
Preloading 0 native plugins for Editor in 0.00 ms.
Mono: successfully reloaded assembly
- Completed reload, in  1.043 seconds
Platform modules already initialized, skipping
Refreshing native plugins compatible for Editor in 0.54 ms, found 1 plugins.
Preloading 0 native plugins for Editor in 0.00 ms.
Unloading 1982 Unused Serialized files (Serialized files now loaded: 0)
System memory in use before: 95.3 MB.
System memory in use after: 95.4 MB.

Unloading 8 unused Assets to reduce memory usage. Loaded Objects now: 2527.
Total: 2.900300 ms (FindLiveObjects: 0.316000 ms CreateObjectMapping: 0.143000 ms MarkObjects: 2.417900 ms  DeleteObjects: 0.022300 ms)

========================================================================
Received Prepare
Registering precompiled user dll's ...
Registered in 0.001663 seconds.
Begin MonoManager ReloadAssembly
Native extension for WindowsStandalone target not found
Refreshing native plugins compatible for Editor in 0.51 ms, found 1 plugins.
Preloading 0 native plugins for Editor in 0.00 ms.
Mono: successfully reloaded assembly
- Completed reload, in  1.108 seconds
Platform modules already initialized, skipping
Refreshing native plugins compatible for Editor in 0.47 ms, found 1 plugins.
Preloading 0 native plugins for Editor in 0.00 ms.
Unloading 1982 Unused Serialized files (Serialized files now loaded: 0)
System memory in use before: 95.3 MB.
System memory in use after: 95.4 MB.

Unloading 8 unused Assets to reduce memory usage. Loaded Objects now: 2531.
Total: 3.686600 ms (FindLiveObjects: 0.696200 ms CreateObjectMapping: 0.118000 ms MarkObjects: 2.852000 ms  DeleteObjects: 0.018700 ms)

========================================================================
Received Prepare
Registering precompiled user dll's ...
Registered in 0.001662 seconds.
Begin MonoManager ReloadAssembly
Native extension for WindowsStandalone target not found
Refreshing native plugins compatible for Editor in 0.45 ms, found 1 plugins.
Preloading 0 native plugins for Editor in 0.00 ms.
Mono: successfully reloaded assembly
- Completed reload, in  1.081 seconds
Platform modules already initialized, skipping
Refreshing native plugins compatible for Editor in 0.47 ms, found 1 plugins.
Preloading 0 native plugins for Editor in 0.00 ms.
Unloading 1982 Unused Serialized files (Serialized files now loaded: 0)
System memory in use before: 95.3 MB.
System memory in use after: 95.4 MB.

Unloading 8 unused Assets to reduce memory usage. Loaded Objects now: 2535.
Total: 2.447300 ms (FindLiveObjects: 0.332300 ms CreateObjectMapping: 0.136400 ms MarkObjects: 1.960000 ms  DeleteObjects: 0.017300 ms)

========================================================================
Received Import Request.
  Time since last request: 421.404834 seconds.
  path: Assets/Likovi/Bandits - Pixel Art/Animations/Light Bandit/LightBandit_AnimController.controller
  artifactKey: Guid(b95265f99b6d90e438df1308a89c8bab) Importer(815301076,1909f56bfc062723c751e8b465ee728b)
Start importing Assets/Likovi/Bandits - Pixel Art/Animations/Light Bandit/LightBandit_AnimController.controller using Guid(b95265f99b6d90e438df1308a89c8bab) Importer(815301076,1909f56bfc062723c751e8b465ee728b)  -> (artifact id: '7e5e01dbb0e95c2a456573474fa03d63') in 0.022833 seconds
  Import took 0.027484 seconds .

========================================================================
Received Prepare
Registering precompiled user dll's ...
Registered in 0.001845 seconds.
Begin MonoManager ReloadAssembly
Native extension for WindowsStandalone target not found
Refreshing native plugins compatible for Editor in 0.61 ms, found 1 plugins.
Preloading 0 native plugins for Editor in 0.00 ms.
Mono: successfully reloaded assembly
- Completed reload, in  1.058 seconds
Platform modules already initialized, skipping
Refreshing native plugins compatible for Editor in 0.56 ms, found 1 plugins.
Preloading 0 native plugins for Editor in 0.00 ms.
Unloading 1982 Unused Serialized files (Serialized files now loaded: 0)
System memory in use before: 95.3 MB.
System memory in use after: 95.4 MB.

Unloading 8 unused Assets to reduce memory usage. Loaded Objects now: 2539.
Total: 3.899200 ms (FindLiveObjects: 0.463900 ms CreateObjectMapping: 0.204500 ms MarkObjects: 3.184200 ms  DeleteObjects: 0.044800 ms)

========================================================================
Received Prepare
Registering precompiled user dll's ...
Registered in 0.001943 seconds.
Begin MonoManager ReloadAssembly
Native extension for WindowsStandalone target not found
Refreshing native plugins compatible for Editor in 0.60 ms, found 1 plugins.
Preloading 0 native plugins for Editor in 0.00 ms.
Mono: successfully reloaded assembly
- Completed reload, in  1.054 seconds
Platform modules already initialized, skipping
Refreshing native plugins compatible for Editor in 0.66 ms, found 1 plugins.
Preloading 0 native plugins for Editor in 0.00 ms.
Unloading 1982 Unused Serialized files (Serialized files now loaded: 0)
System memory in use before: 95.3 MB.
System memory in use after: 95.4 MB.

Unloading 8 unused Assets to reduce memory usage. Loaded Objects now: 2543.
Total: 2.371400 ms (FindLiveObjects: 0.246900 ms CreateObjectMapping: 0.123300 ms MarkObjects: 1.964800 ms  DeleteObjects: 0.035200 ms)

========================================================================
Received Prepare
Registering precompiled user dll's ...
Registered in 0.001762 seconds.
Begin MonoManager ReloadAssembly
Native extension for WindowsStandalone target not found
Refreshing native plugins compatible for Editor in 0.46 ms, found 1 plugins.
Preloading 0 native plugins for Editor in 0.00 ms.
Mono: successfully reloaded assembly
- Completed reload, in  1.070 seconds
Platform modules already initialized, skipping
Refreshing native plugins compatible for Editor in 0.51 ms, found 1 plugins.
Preloading 0 native plugins for Editor in 0.00 ms.
Unloading 1982 Unused Serialized files (Serialized files now loaded: 0)
System memory in use before: 95.3 MB.
System memory in use after: 95.4 MB.

Unloading 8 unused Assets to reduce memory usage. Loaded Objects now: 2547.
Total: 2.426300 ms (FindLiveObjects: 0.224600 ms CreateObjectMapping: 0.090100 ms MarkObjects: 2.078700 ms  DeleteObjects: 0.031700 ms)

========================================================================
Received Prepare
Registering precompiled user dll's ...
Registered in 0.001683 seconds.
Begin MonoManager ReloadAssembly
Native extension for WindowsStandalone target not found
Refreshing native plugins compatible for Editor in 0.47 ms, found 1 plugins.
Preloading 0 native plugins for Editor in 0.00 ms.
Mono: successfully reloaded assembly
- Completed reload, in  1.072 seconds
Platform modules already initialized, skipping
Refreshing native plugins compatible for Editor in 0.54 ms, found 1 plugins.
Preloading 0 native plugins for Editor in 0.00 ms.
Unloading 1982 Unused Serialized files (Serialized files now loaded: 0)
System memory in use before: 95.3 MB.
System memory in use after: 95.4 MB.

Unloading 8 unused Assets to reduce memory usage. Loaded Objects now: 2551.
Total: 2.938100 ms (FindLiveObjects: 0.244400 ms CreateObjectMapping: 0.074700 ms MarkObjects: 2.583700 ms  DeleteObjects: 0.034100 ms)

========================================================================
Received Prepare
Registering precompiled user dll's ...
Registered in 0.001738 seconds.
Begin MonoManager ReloadAssembly
Native extension for WindowsStandalone target not found
Refreshing native plugins compatible for Editor in 0.45 ms, found 1 plugins.
Preloading 0 native plugins for Editor in 0.00 ms.
Mono: successfully reloaded assembly
- Completed reload, in  1.098 seconds
Platform modules already initialized, skipping
Refreshing native plugins compatible for Editor in 0.61 ms, found 1 plugins.
Preloading 0 native plugins for Editor in 0.00 ms.
Unloading 1982 Unused Serialized files (Serialized files now loaded: 0)
System memory in use before: 95.3 MB.
System memory in use after: 95.5 MB.

Unloading 8 unused Assets to reduce memory usage. Loaded Objects now: 2555.
Total: 3.705500 ms (FindLiveObjects: 0.238200 ms CreateObjectMapping: 0.391300 ms MarkObjects: 3.042700 ms  DeleteObjects: 0.032000 ms)

========================================================================
Received Prepare
Registering precompiled user dll's ...
Registered in 0.001819 seconds.
Begin MonoManager ReloadAssembly
Native extension for WindowsStandalone target not found
Refreshing native plugins compatible for Editor in 0.74 ms, found 1 plugins.
Preloading 0 native plugins for Editor in 0.00 ms.
Mono: successfully reloaded assembly
- Completed reload, in  1.661 seconds
Platform modules already initialized, skipping
Refreshing native plugins compatible for Editor in 0.63 ms, found 1 plugins.
Preloading 0 native plugins for Editor in 0.00 ms.
Unloading 1982 Unused Serialized files (Serialized files now loaded: 0)
System memory in use before: 95.3 MB.
System memory in use after: 95.5 MB.

Unloading 8 unused Assets to reduce memory usage. Loaded Objects now: 2559.
Total: 3.174300 ms (FindLiveObjects: 0.308200 ms CreateObjectMapping: 0.102400 ms MarkObjects: 2.741300 ms  DeleteObjects: 0.020500 ms)

========================================================================
Received Prepare
Registering precompiled user dll's ...
Registered in 0.002168 seconds.
Begin MonoManager ReloadAssembly
Native extension for WindowsStandalone target not found
Refreshing native plugins compatible for Editor in 0.45 ms, found 1 plugins.
Preloading 0 native plugins for Editor in 0.00 ms.
Mono: successfully reloaded assembly
- Completed reload, in  1.049 seconds
Platform modules already initialized, skipping
Refreshing native plugins compatible for Editor in 0.77 ms, found 1 plugins.
Preloading 0 native plugins for Editor in 0.00 ms.
Unloading 1982 Unused Serialized files (Serialized files now loaded: 0)
System memory in use before: 95.4 MB.
System memory in use after: 95.5 MB.

Unloading 8 unused Assets to reduce memory usage. Loaded Objects now: 2563.
Total: 4.341700 ms (FindLiveObjects: 0.532300 ms CreateObjectMapping: 0.099400 ms MarkObjects: 3.690800 ms  DeleteObjects: 0.017800 ms)

========================================================================
Received Prepare
Registering precompiled user dll's ...
Registered in 0.003162 seconds.
Begin MonoManager ReloadAssembly
Native extension for WindowsStandalone target not found
Refreshing native plugins compatible for Editor in 0.54 ms, found 1 plugins.
Preloading 0 native plugins for Editor in 0.00 ms.
Mono: successfully reloaded assembly
- Completed reload, in  1.188 seconds
Platform modules already initialized, skipping
Refreshing native plugins compatible for Editor in 0.49 ms, found 1 plugins.
Preloading 0 native plugins for Editor in 0.00 ms.
Unloading 1982 Unused Serialized files (Serialized files now loaded: 0)
System memory in use before: 95.4 MB.
System memory in use after: 95.5 MB.

Unloading 8 unused Assets to reduce memory usage. Loaded Objects now: 2567.
Total: 3.300100 ms (FindLiveObjects: 0.266000 ms CreateObjectMapping: 0.110500 ms MarkObjects: 2.861400 ms  DeleteObjects: 0.061100 ms)

AssetImportWorkerClient::OnTransportError - code=2 error=End of file
